[     130ms] [INFO] [persistence] SDK ready, project: https://xjyebiztvfxgkounymfh.supabase.co hash present: true @ http://localhost:8765/js/persistence.js?v=20260505134433:653
[     184ms] [INFO] [persistence] getSession result: SIGNED IN @ http://localhost:8765/js/persistence.js?v=20260505134433:657
[     353ms] [WARNING] Canvas2D: Multiple readback operations using getImageData are faster with the willReadFrequently attribute set to true. See: https://html.spec.whatwg.org/multipage/canvas.html#concept-canvas-will-read-frequently @ http://localhost:8765/js/chart.js?v=20260505134433:459
[     413ms] [INFO] [persist] PULL got cloud snapshot with phases: [Base (no kids), Kid 1 at home, Kid 2 at home, Kid 1 college fees, Kid 1 hostel, Kid 1 pocket money, Kid 2 college fees, Kid 2 hostel, Kid 2 pocket money, Medical add-on] @ http://localhost:8765/js/persistence.js?v=20260505134433:311
[ 1054136ms] [INFO] [persist] PUSH STARTING with phases: [Base (no kids), Kid 1 at home, Kid 2 at home, Kid 1 college fees, Kid 1 hostel, Kid 1 pocket money, Kid 2 college fees, Kid 2 hostel, Kid 2 pocket money, Medical add-on] @ http://localhost:8765/js/persistence.js?v=20260505134433:350
[ 1054484ms] [INFO] [persist] push already in-flight, queuing @ http://localhost:8765/js/persistence.js?v=20260505134433:337
[ 1055292ms] [INFO] [persist] PUSH OK with phases: [Base (no kids), Kid 1 at home, Kid 2 at home, Kid 1 college fees, Kid 1 hostel, Kid 1 pocket money, Kid 2 college fees, Kid 2 hostel, Kid 2 pocket money, Medical add-on] @ http://localhost:8765/js/persistence.js?v=20260505134433:368
[ 1055345ms] [INFO] [persist] PUSH STARTING with phases: [Base (no kids), Kid 1 at home, Kid 2 at home, Kid 1 college fees, Kid 1 hostel, Kid 1 pocket money, Kid 2 college fees, Kid 2 hostel, Kid 2 pocket money, Medical add-on] @ http://localhost:8765/js/persistence.js?v=20260505134433:350
[ 1055444ms] [INFO] [persist] PUSH OK with phases: [Base (no kids), Kid 1 at home, Kid 2 at home, Kid 1 college fees, Kid 1 hostel, Kid 1 pocket money, Kid 2 college fees, Kid 2 hostel, Kid 2 pocket money, Medical add-on] @ http://localhost:8765/js/persistence.js?v=20260505134433:368
[ 1055820ms] [INFO] [persist] PUSH STARTING with phases: [Base (no kids), Kid 1 at home, Kid 2 at home, Kid 1 college fees, Kid 1 hostel, Kid 1 pocket money, Kid 2 college fees, Kid 2 hostel, Kid 2 pocket money, Medical add-on] @ http://localhost:8765/js/persistence.js?v=20260505134433:350
[ 1055914ms] [INFO] [persist] PUSH OK with phases: [Base (no kids), Kid 1 at home, Kid 2 at home, Kid 1 college fees, Kid 1 hostel, Kid 1 pocket money, Kid 2 college fees, Kid 2 hostel, Kid 2 pocket money, Medical add-on] @ http://localhost:8765/js/persistence.js?v=20260505134433:368
[ 1083954ms] [INFO] [persist] PUSH STARTING with phases: [Base (no kids), Kid 1 at home, Kid 2 at home, Kid 1 college fees, Kid 1 hostel, Kid 1 pocket money, Kid 2 college fees, Kid 2 hostel, Kid 2 pocket money, Medical add-on] @ http://localhost:8765/js/persistence.js?v=20260505134433:350
[ 1084053ms] [INFO] [persist] PUSH OK with phases: [Base (no kids), Kid 1 at home, Kid 2 at home, Kid 1 college fees, Kid 1 hostel, Kid 1 pocket money, Kid 2 college fees, Kid 2 hostel, Kid 2 pocket money, Medical add-on] @ http://localhost:8765/js/persistence.js?v=20260505134433:368
[ 1084463ms] [INFO] [persist] PUSH STARTING with phases: [Base (no kids), Kid 1 at home, Kid 2 at home, Kid 1 college fees, Kid 1 hostel, Kid 1 pocket money, Kid 2 college fees, Kid 2 hostel, Kid 2 pocket money, Medical add-on] @ http://localhost:8765/js/persistence.js?v=20260505134433:350
[ 1084564ms] [INFO] [persist] PUSH OK with phases: [Base (no kids), Kid 1 at home, Kid 2 at home, Kid 1 college fees, Kid 1 hostel, Kid 1 pocket money, Kid 2 college fees, Kid 2 hostel, Kid 2 pocket money, Medical add-on] @ http://localhost:8765/js/persistence.js?v=20260505134433:368
[ 1087144ms] [INFO] [persist] saveTrackerToStorage fired — pushing @ http://localhost:8765/js/persistence.js?v=20260505134433:573
[ 1087145ms] [INFO] [persist] PUSH STARTING with phases: [Base (no kids), Kid 1 at home, Kid 2 at home, Kid 1 college fees, Kid 1 hostel, Kid 1 pocket money, Kid 2 college fees, Kid 2 hostel, Kid 2 pocket money, Medical add-on] @ http://localhost:8765/js/persistence.js?v=20260505134433:350
[ 1087247ms] [INFO] [persist] push already in-flight, queuing @ http://localhost:8765/js/persistence.js?v=20260505134433:337
[ 1087271ms] [INFO] [persist] PUSH OK with phases: [Base (no kids), Kid 1 at home, Kid 2 at home, Kid 1 college fees, Kid 1 hostel, Kid 1 pocket money, Kid 2 college fees, Kid 2 hostel, Kid 2 pocket money, Medical add-on] @ http://localhost:8765/js/persistence.js?v=20260505134433:368
[ 1087322ms] [INFO] [persist] PUSH STARTING with phases: [Base (no kids), Kid 1 at home, Kid 2 at home, Kid 1 college fees, Kid 1 hostel, Kid 1 pocket money, Kid 2 college fees, Kid 2 hostel, Kid 2 pocket money, Medical add-on] @ http://localhost:8765/js/persistence.js?v=20260505134433:350
[ 1087420ms] [INFO] [persist] PUSH OK with phases: [Base (no kids), Kid 1 at home, Kid 2 at home, Kid 1 college fees, Kid 1 hostel, Kid 1 pocket money, Kid 2 college fees, Kid 2 hostel, Kid 2 pocket money, Medical add-on] @ http://localhost:8765/js/persistence.js?v=20260505134433:368
[ 1087913ms] [INFO] [persist] PUSH STARTING with phases: [Base (no kids), Kid 1 at home, Kid 2 at home, Kid 1 college fees, Kid 1 hostel, Kid 1 pocket money, Kid 2 college fees, Kid 2 hostel, Kid 2 pocket money, Medical add-on] @ http://localhost:8765/js/persistence.js?v=20260505134433:350
[ 1088006ms] [INFO] [persist] PUSH OK with phases: [Base (no kids), Kid 1 at home, Kid 2 at home, Kid 1 college fees, Kid 1 hostel, Kid 1 pocket money, Kid 2 college fees, Kid 2 hostel, Kid 2 pocket money, Medical add-on] @ http://localhost:8765/js/persistence.js?v=20260505134433:368
