[     146ms] [INFO] [persistence] SDK ready, project: https://xjyebiztvfxgkounymfh.supabase.co hash present: true @ http://localhost:8765/js/persistence.js?v=20260503221530:653
[     233ms] [INFO] [persistence] getSession result: SIGNED IN @ http://localhost:8765/js/persistence.js?v=20260503221530:657
[     334ms] [WARNING] Canvas2D: Multiple readback operations using getImageData are faster with the willReadFrequently attribute set to true. See: https://html.spec.whatwg.org/multipage/canvas.html#concept-canvas-will-read-frequently @ http://localhost:8765/js/chart.js?v=20260503221530:459
[     610ms] [INFO] [persist] PULL got cloud snapshot with phases: [Base (no kids), Kid 1 at home, Kid 2 at home, Kid 1 college fees, Kid 1 hostel, Kid 1 pocket money, Kid 2 college fees, Kid 2 hostel, Kid 2 pocket money, Medical add-on] @ http://localhost:8765/js/persistence.js?v=20260503221530:311
[   31281ms] [INFO] [persist] saveTrackerToStorage fired — pushing @ http://localhost:8765/js/persistence.js?v=20260503221530:573
[   31282ms] [INFO] [persist] PUSH STARTING with phases: [Base (no kids), Kid 1 at home, Kid 2 at home, Kid 1 college fees, Kid 1 hostel, Kid 1 pocket money, Kid 2 college fees, Kid 2 hostel, Kid 2 pocket money, Medical add-on] @ http://localhost:8765/js/persistence.js?v=20260503221530:350
[   31422ms] [INFO] [persist] PUSH OK with phases: [Base (no kids), Kid 1 at home, Kid 2 at home, Kid 1 college fees, Kid 1 hostel, Kid 1 pocket money, Kid 2 college fees, Kid 2 hostel, Kid 2 pocket money, Medical add-on] @ http://localhost:8765/js/persistence.js?v=20260503221530:368
[   32082ms] [INFO] [persist] PUSH STARTING with phases: [Base (no kids), Kid 1 at home, Kid 2 at home, Kid 1 college fees, Kid 1 hostel, Kid 1 pocket money, Kid 2 college fees, Kid 2 hostel, Kid 2 pocket money, Medical add-on] @ http://localhost:8765/js/persistence.js?v=20260503221530:350
[   32256ms] [INFO] [persist] PUSH OK with phases: [Base (no kids), Kid 1 at home, Kid 2 at home, Kid 1 college fees, Kid 1 hostel, Kid 1 pocket money, Kid 2 college fees, Kid 2 hostel, Kid 2 pocket money, Medical add-on] @ http://localhost:8765/js/persistence.js?v=20260503221530:368
[   32966ms] [INFO] [persist] saveTrackerToStorage fired — pushing @ http://localhost:8765/js/persistence.js?v=20260503221530:573
[   32967ms] [INFO] [persist] PUSH STARTING with phases: [Base (no kids), Kid 1 at home, Kid 2 at home, Kid 1 college fees, Kid 1 hostel, Kid 1 pocket money, Kid 2 college fees, Kid 2 hostel, Kid 2 pocket money, Medical add-on] @ http://localhost:8765/js/persistence.js?v=20260503221530:350
[   33143ms] [INFO] [persist] PUSH OK with phases: [Base (no kids), Kid 1 at home, Kid 2 at home, Kid 1 college fees, Kid 1 hostel, Kid 1 pocket money, Kid 2 college fees, Kid 2 hostel, Kid 2 pocket money, Medical add-on] @ http://localhost:8765/js/persistence.js?v=20260503221530:368
[   33770ms] [INFO] [persist] PUSH STARTING with phases: [Base (no kids), Kid 1 at home, Kid 2 at home, Kid 1 college fees, Kid 1 hostel, Kid 1 pocket money, Kid 2 college fees, Kid 2 hostel, Kid 2 pocket money, Medical add-on] @ http://localhost:8765/js/persistence.js?v=20260503221530:350
[   34067ms] [INFO] [persist] PUSH OK with phases: [Base (no kids), Kid 1 at home, Kid 2 at home, Kid 1 college fees, Kid 1 hostel, Kid 1 pocket money, Kid 2 college fees, Kid 2 hostel, Kid 2 pocket money, Medical add-on] @ http://localhost:8765/js/persistence.js?v=20260503221530:368
[   34929ms] [INFO] [persist] addNetWorthEntry fired — pushing @ http://localhost:8765/js/persistence.js?v=20260503221530:588
[   34930ms] [INFO] [persist] PUSH STARTING with phases: [Base (no kids), Kid 1 at home, Kid 2 at home, Kid 1 college fees, Kid 1 hostel, Kid 1 pocket money, Kid 2 college fees, Kid 2 hostel, Kid 2 pocket money, Medical add-on] @ http://localhost:8765/js/persistence.js?v=20260503221530:350
[   35093ms] [INFO] [persist] PUSH OK with phases: [Base (no kids), Kid 1 at home, Kid 2 at home, Kid 1 college fees, Kid 1 hostel, Kid 1 pocket money, Kid 2 college fees, Kid 2 hostel, Kid 2 pocket money, Medical add-on] @ http://localhost:8765/js/persistence.js?v=20260503221530:368
[   85798ms] [INFO] [persist] saveTrackerToStorage fired — pushing @ http://localhost:8765/js/persistence.js?v=20260503221530:573
[   85798ms] [INFO] [persist] PUSH STARTING with phases: [Base (no kids), Kid 1 at home, Kid 2 at home, Kid 1 college fees, Kid 1 hostel, Kid 1 pocket money, Kid 2 college fees, Kid 2 hostel, Kid 2 pocket money, Medical add-on] @ http://localhost:8765/js/persistence.js?v=20260503221530:350
[   85915ms] [INFO] [persist] PUSH OK with phases: [Base (no kids), Kid 1 at home, Kid 2 at home, Kid 1 college fees, Kid 1 hostel, Kid 1 pocket money, Kid 2 college fees, Kid 2 hostel, Kid 2 pocket money, Medical add-on] @ http://localhost:8765/js/persistence.js?v=20260503221530:368
[   86599ms] [INFO] [persist] PUSH STARTING with phases: [Base (no kids), Kid 1 at home, Kid 2 at home, Kid 1 college fees, Kid 1 hostel, Kid 1 pocket money, Kid 2 college fees, Kid 2 hostel, Kid 2 pocket money, Medical add-on] @ http://localhost:8765/js/persistence.js?v=20260503221530:350
[   86710ms] [INFO] [persist] PUSH OK with phases: [Base (no kids), Kid 1 at home, Kid 2 at home, Kid 1 college fees, Kid 1 hostel, Kid 1 pocket money, Kid 2 college fees, Kid 2 hostel, Kid 2 pocket money, Medical add-on] @ http://localhost:8765/js/persistence.js?v=20260503221530:368
[   88406ms] [INFO] [persist] saveTrackerToStorage fired — pushing @ http://localhost:8765/js/persistence.js?v=20260503221530:573
[   88407ms] [INFO] [persist] PUSH STARTING with phases: [Base (no kids), Kid 1 at home, Kid 2 at home, Kid 1 college fees, Kid 1 hostel, Kid 1 pocket money, Kid 2 college fees, Kid 2 hostel, Kid 2 pocket money, Medical add-on] @ http://localhost:8765/js/persistence.js?v=20260503221530:350
[   88529ms] [INFO] [persist] PUSH OK with phases: [Base (no kids), Kid 1 at home, Kid 2 at home, Kid 1 college fees, Kid 1 hostel, Kid 1 pocket money, Kid 2 college fees, Kid 2 hostel, Kid 2 pocket money, Medical add-on] @ http://localhost:8765/js/persistence.js?v=20260503221530:368
[   89289ms] [INFO] [persist] PUSH STARTING with phases: [Base (no kids), Kid 1 at home, Kid 2 at home, Kid 1 college fees, Kid 1 hostel, Kid 1 pocket money, Kid 2 college fees, Kid 2 hostel, Kid 2 pocket money, Medical add-on] @ http://localhost:8765/js/persistence.js?v=20260503221530:350
[   89421ms] [INFO] [persist] PUSH OK with phases: [Base (no kids), Kid 1 at home, Kid 2 at home, Kid 1 college fees, Kid 1 hostel, Kid 1 pocket money, Kid 2 college fees, Kid 2 hostel, Kid 2 pocket money, Medical add-on] @ http://localhost:8765/js/persistence.js?v=20260503221530:368
[  132802ms] [INFO] [persist] saveTrackerToStorage fired — pushing @ http://localhost:8765/js/persistence.js?v=20260503221530:573
[  132803ms] [INFO] [persist] PUSH STARTING with phases: [Base (no kids), Kid 1 at home, Kid 2 at home, Kid 1 college fees, Kid 1 hostel, Kid 1 pocket money, Kid 2 college fees, Kid 2 hostel, Kid 2 pocket money, Medical add-on] @ http://localhost:8765/js/persistence.js?v=20260503221530:350
[  133138ms] [INFO] [persist] PUSH OK with phases: [Base (no kids), Kid 1 at home, Kid 2 at home, Kid 1 college fees, Kid 1 hostel, Kid 1 pocket money, Kid 2 college fees, Kid 2 hostel, Kid 2 pocket money, Medical add-on] @ http://localhost:8765/js/persistence.js?v=20260503221530:368
[  133636ms] [INFO] [persist] PUSH STARTING with phases: [Base (no kids), Kid 1 at home, Kid 2 at home, Kid 1 college fees, Kid 1 hostel, Kid 1 pocket money, Kid 2 college fees, Kid 2 hostel, Kid 2 pocket money, Medical add-on] @ http://localhost:8765/js/persistence.js?v=20260503221530:350
[  133787ms] [INFO] [persist] PUSH OK with phases: [Base (no kids), Kid 1 at home, Kid 2 at home, Kid 1 college fees, Kid 1 hostel, Kid 1 pocket money, Kid 2 college fees, Kid 2 hostel, Kid 2 pocket money, Medical add-on] @ http://localhost:8765/js/persistence.js?v=20260503221530:368
[  135526ms] [INFO] [persist] saveTrackerToStorage fired — pushing @ http://localhost:8765/js/persistence.js?v=20260503221530:573
[  135526ms] [INFO] [persist] PUSH STARTING with phases: [Base (no kids), Kid 1 at home, Kid 2 at home, Kid 1 college fees, Kid 1 hostel, Kid 1 pocket money, Kid 2 college fees, Kid 2 hostel, Kid 2 pocket money, Medical add-on] @ http://localhost:8765/js/persistence.js?v=20260503221530:350
[  135698ms] [INFO] [persist] PUSH OK with phases: [Base (no kids), Kid 1 at home, Kid 2 at home, Kid 1 college fees, Kid 1 hostel, Kid 1 pocket money, Kid 2 college fees, Kid 2 hostel, Kid 2 pocket money, Medical add-on] @ http://localhost:8765/js/persistence.js?v=20260503221530:368
[  136278ms] [INFO] [persist] PUSH STARTING with phases: [Base (no kids), Kid 1 at home, Kid 2 at home, Kid 1 college fees, Kid 1 hostel, Kid 1 pocket money, Kid 2 college fees, Kid 2 hostel, Kid 2 pocket money, Medical add-on] @ http://localhost:8765/js/persistence.js?v=20260503221530:350
[  136399ms] [INFO] [persist] PUSH OK with phases: [Base (no kids), Kid 1 at home, Kid 2 at home, Kid 1 college fees, Kid 1 hostel, Kid 1 pocket money, Kid 2 college fees, Kid 2 hostel, Kid 2 pocket money, Medical add-on] @ http://localhost:8765/js/persistence.js?v=20260503221530:368
[  169324ms] [INFO] [persist] addNetWorthEntry fired — pushing @ http://localhost:8765/js/persistence.js?v=20260503221530:588
[  169325ms] [INFO] [persist] PUSH STARTING with phases: [Base (no kids), Kid 1 at home, Kid 2 at home, Kid 1 college fees, Kid 1 hostel, Kid 1 pocket money, Kid 2 college fees, Kid 2 hostel, Kid 2 pocket money, Medical add-on] @ http://localhost:8765/js/persistence.js?v=20260503221530:350
[  169461ms] [INFO] [persist] PUSH OK with phases: [Base (no kids), Kid 1 at home, Kid 2 at home, Kid 1 college fees, Kid 1 hostel, Kid 1 pocket money, Kid 2 college fees, Kid 2 hostel, Kid 2 pocket money, Medical add-on] @ http://localhost:8765/js/persistence.js?v=20260503221530:368
[  171954ms] [INFO] [persist] deleteNetWorthEntry fired — pushing @ http://localhost:8765/js/persistence.js?v=20260503221530:588
[  171954ms] [INFO] [persist] PUSH STARTING with phases: [Base (no kids), Kid 1 at home, Kid 2 at home, Kid 1 college fees, Kid 1 hostel, Kid 1 pocket money, Kid 2 college fees, Kid 2 hostel, Kid 2 pocket money, Medical add-on] @ http://localhost:8765/js/persistence.js?v=20260503221530:350
[  172093ms] [INFO] [persist] PUSH OK with phases: [Base (no kids), Kid 1 at home, Kid 2 at home, Kid 1 college fees, Kid 1 hostel, Kid 1 pocket money, Kid 2 college fees, Kid 2 hostel, Kid 2 pocket money, Medical add-on] @ http://localhost:8765/js/persistence.js?v=20260503221530:368
[  201354ms] [INFO] [persist] saveExpenseMonth fired — pushing @ http://localhost:8765/js/persistence.js?v=20260503221530:603
[  201354ms] [INFO] [persist] PUSH STARTING with phases: [Base (no kids), Kid 1 at home, Kid 2 at home, Kid 1 college fees, Kid 1 hostel, Kid 1 pocket money, Kid 2 college fees, Kid 2 hostel, Kid 2 pocket money, Medical add-on] @ http://localhost:8765/js/persistence.js?v=20260503221530:350
[  201492ms] [INFO] [persist] PUSH OK with phases: [Base (no kids), Kid 1 at home, Kid 2 at home, Kid 1 college fees, Kid 1 hostel, Kid 1 pocket money, Kid 2 college fees, Kid 2 hostel, Kid 2 pocket money, Medical add-on] @ http://localhost:8765/js/persistence.js?v=20260503221530:368
[  204151ms] [INFO] [persist] PUSH STARTING with phases: [Base (no kids), Kid 1 at home, Kid 2 at home, Kid 1 college fees, Kid 1 hostel, Kid 1 pocket money, Kid 2 college fees, Kid 2 hostel, Kid 2 pocket money, Medical add-on] @ http://localhost:8765/js/persistence.js?v=20260503221530:350
[  204326ms] [INFO] [persist] PUSH OK with phases: [Base (no kids), Kid 1 at home, Kid 2 at home, Kid 1 college fees, Kid 1 hostel, Kid 1 pocket money, Kid 2 college fees, Kid 2 hostel, Kid 2 pocket money, Medical add-on] @ http://localhost:8765/js/persistence.js?v=20260503221530:368
[  207163ms] [INFO] [persist] saveProfile fired — pushing @ http://localhost:8765/js/persistence.js?v=20260503221530:620
[  207164ms] [INFO] [persist] PUSH STARTING with phases: [Base (no kids), Kid 1 at home, Kid 2 at home, Kid 1 college fees, Kid 1 hostel, Kid 1 pocket money, Kid 2 college fees, Kid 2 hostel, Kid 2 pocket money, Medical add-on] @ http://localhost:8765/js/persistence.js?v=20260503221530:350
[  207275ms] [INFO] [persist] PUSH OK with phases: [Base (no kids), Kid 1 at home, Kid 2 at home, Kid 1 college fees, Kid 1 hostel, Kid 1 pocket money, Kid 2 college fees, Kid 2 hostel, Kid 2 pocket money, Medical add-on] @ http://localhost:8765/js/persistence.js?v=20260503221530:368
[  209768ms] [INFO] [persist] deleteProfile fired — pushing @ http://localhost:8765/js/persistence.js?v=20260503221530:620
[  209768ms] [INFO] [persist] PUSH STARTING with phases: [Base (no kids), Kid 1 at home, Kid 2 at home, Kid 1 college fees, Kid 1 hostel, Kid 1 pocket money, Kid 2 college fees, Kid 2 hostel, Kid 2 pocket money, Medical add-on] @ http://localhost:8765/js/persistence.js?v=20260503221530:350
[  209890ms] [INFO] [persist] PUSH OK with phases: [Base (no kids), Kid 1 at home, Kid 2 at home, Kid 1 college fees, Kid 1 hostel, Kid 1 pocket money, Kid 2 college fees, Kid 2 hostel, Kid 2 pocket money, Medical add-on] @ http://localhost:8765/js/persistence.js?v=20260503221530:368
[  236645ms] [INFO] [persist] _setActiveProfileName fired — pushing @ http://localhost:8765/js/persistence.js?v=20260503221530:620
[  236645ms] [INFO] [persist] PUSH STARTING with phases: [Base (no kids), Kid 1 at home, Kid 2 at home, Kid 1 college fees, Kid 1 hostel, Kid 1 pocket money, Kid 2 college fees, Kid 2 hostel, Kid 2 pocket money, Medical add-on] @ http://localhost:8765/js/persistence.js?v=20260503221530:350
[  236646ms] [INFO] [persist] saveProfile fired — pushing @ http://localhost:8765/js/persistence.js?v=20260503221530:620
[  236646ms] [INFO] [persist] push already in-flight, queuing @ http://localhost:8765/js/persistence.js?v=20260503221530:337
[  236761ms] [INFO] [persist] PUSH OK with phases: [Base (no kids), Kid 1 at home, Kid 2 at home, Kid 1 college fees, Kid 1 hostel, Kid 1 pocket money, Kid 2 college fees, Kid 2 hostel, Kid 2 pocket money, Medical add-on] @ http://localhost:8765/js/persistence.js?v=20260503221530:368
[  236813ms] [INFO] [persist] PUSH STARTING with phases: [Base (no kids), Kid 1 at home, Kid 2 at home, Kid 1 college fees, Kid 1 hostel, Kid 1 pocket money, Kid 2 college fees, Kid 2 hostel, Kid 2 pocket money, Medical add-on] @ http://localhost:8765/js/persistence.js?v=20260503221530:350
[  236921ms] [INFO] [persist] PUSH OK with phases: [Base (no kids), Kid 1 at home, Kid 2 at home, Kid 1 college fees, Kid 1 hostel, Kid 1 pocket money, Kid 2 college fees, Kid 2 hostel, Kid 2 pocket money, Medical add-on] @ http://localhost:8765/js/persistence.js?v=20260503221530:368
[  239488ms] [INFO] [persist] _setActiveProfileName fired — pushing @ http://localhost:8765/js/persistence.js?v=20260503221530:620
[  239489ms] [INFO] [persist] PUSH STARTING with phases: [Base (no kids), Kid 1 at home, Kid 2 at home, Kid 1 college fees, Kid 1 hostel, Kid 1 pocket money, Kid 2 college fees, Kid 2 hostel, Kid 2 pocket money, Medical add-on] @ http://localhost:8765/js/persistence.js?v=20260503221530:350
[  239489ms] [INFO] [persist] deleteProfile fired — pushing @ http://localhost:8765/js/persistence.js?v=20260503221530:620
[  239489ms] [INFO] [persist] push already in-flight, queuing @ http://localhost:8765/js/persistence.js?v=20260503221530:337
[  239611ms] [INFO] [persist] PUSH OK with phases: [Base (no kids), Kid 1 at home, Kid 2 at home, Kid 1 college fees, Kid 1 hostel, Kid 1 pocket money, Kid 2 college fees, Kid 2 hostel, Kid 2 pocket money, Medical add-on] @ http://localhost:8765/js/persistence.js?v=20260503221530:368
[  239742ms] [INFO] [persist] PUSH STARTING with phases: [Base (no kids), Kid 1 at home, Kid 2 at home, Kid 1 college fees, Kid 1 hostel, Kid 1 pocket money, Kid 2 college fees, Kid 2 hostel, Kid 2 pocket money, Medical add-on] @ http://localhost:8765/js/persistence.js?v=20260503221530:350
[  239851ms] [INFO] [persist] PUSH OK with phases: [Base (no kids), Kid 1 at home, Kid 2 at home, Kid 1 college fees, Kid 1 hostel, Kid 1 pocket money, Kid 2 college fees, Kid 2 hostel, Kid 2 pocket money, Medical add-on] @ http://localhost:8765/js/persistence.js?v=20260503221530:368
