[     373ms] [LOG] JQMIGRATE: Migrate is installed with logging active, version 3.4.0 @ https://a.slack-edge.com/bv1-13-br/rollup-core_required_libs.40b06284ce1a5c8d9844.min.js:128
[    2518ms] [INFO] May-07 20:09:40.173 [BOOT] booted! pri:0 version:1778155944 start_ms:1778164777995 (2178ms ago) @ https://a.slack-edge.com/bv1-13-br/modern.vendor.3c31b97bb0c5cdabcea4.min.js:381
[    2534ms] [WARNING] May-07 20:09:40.181 (T00000000) Clogger context could not be determined, using empty context @ https://a.slack-edge.com/bv1-13-br/modern.vendor.3c31b97bb0c5cdabcea4.min.js:381
[    2535ms] [INFO] May-07 20:09:40.190 [TRACER] Tracing is not sampled by default for this session. @ https://a.slack-edge.com/bv1-13-br/modern.vendor.3c31b97bb0c5cdabcea4.min.js:381
[    2540ms] [WARNING] May-07 20:09:40.195 TELEMETRY You tried to get a team-specific telemeter but didn’t provide enough context and are getting the generic telemeter instead which is likely not what you want. @ https://a.slack-edge.com/bv1-13-br/modern.vendor.3c31b97bb0c5cdabcea4.min.js:381
[    2965ms] [INFO] May-07 20:09:40.620 [INFO] running without a user @ https://a.slack-edge.com/bv1-13-br/modern.vendor.3c31b97bb0c5cdabcea4.min.js:381
[    2989ms] [WARNING] May-07 20:09:40.643 TELEMETRY You tried to get a team-specific telemeter but didn’t provide enough context and are getting the generic telemeter instead which is likely not what you want. @ https://a.slack-edge.com/bv1-13-br/modern.vendor.3c31b97bb0c5cdabcea4.min.js:381
[    2993ms] [WARNING] May-07 20:09:40.648 TRACES You tried to get a team-specific tracer but didn’t provide enough context and are getting the generic tracer instead which is likely not what you want. @ https://a.slack-edge.com/bv1-13-br/modern.vendor.3c31b97bb0c5cdabcea4.min.js:381
[    3013ms] [ERROR] May-07 20:09:40.667 LEGACY-API-TOKEN (T00000000) Falling back to TS.model.api_token on https://acv.slack.com/?redir=%2Farchives%2FCJ74THFJQ%2Fp1778164649683629%3Fname%3DCJ74THFJQ%26perma%3D1778164649683629 @ https://a.slack-edge.com/bv1-13-br/modern.vendor.3c31b97bb0c5cdabcea4.min.js:381
[    3016ms] [WARNING] May-07 20:09:40.672 TRACES You tried to get a team-specific tracer but didn’t provide enough context and are getting the generic tracer instead which is likely not what you want. @ https://a.slack-edge.com/bv1-13-br/modern.vendor.3c31b97bb0c5cdabcea4.min.js:381
[    3019ms] [WARNING] May-07 20:09:40.674 TRACES You tried to get a team-specific tracer but didn’t provide enough context and are getting the generic tracer instead which is likely not what you want. @ https://a.slack-edge.com/bv1-13-br/modern.vendor.3c31b97bb0c5cdabcea4.min.js:381
[    3020ms] [INFO] May-07 20:09:40.675 [API-Q] (T00000000) be467d2f-1778164780.672 megaphone.notifications.list called with reason: load-megaphone-notification-data @ https://a.slack-edge.com/bv1-13-br/modern.vendor.3c31b97bb0c5cdabcea4.min.js:381
[    3020ms] [INFO] May-07 20:09:40.675 [API-Q] (T00000000) be467d2f-1778164780.672 megaphone.notifications.list is ENQUEUED @ https://a.slack-edge.com/bv1-13-br/modern.vendor.3c31b97bb0c5cdabcea4.min.js:381
[    3021ms] [WARNING] May-07 20:09:40.677 TELEMETRY You tried to get a team-specific telemeter but didn’t provide enough context and are getting the generic telemeter instead which is likely not what you want. @ https://a.slack-edge.com/bv1-13-br/modern.vendor.3c31b97bb0c5cdabcea4.min.js:381
[    3112ms] [INFO] May-07 20:09:40.768 [API-Q] (T00000000) be467d2f-1778164780.672 megaphone.notifications.list is ACTIVE @ https://a.slack-edge.com/bv1-13-br/modern.vendor.3c31b97bb0c5cdabcea4.min.js:381
[    3389ms] [INFO] May-07 20:09:41.044 [API-Q] (T00000000) be467d2f-1778164780.672 megaphone.notifications.list is REJECTED: API not ok not_authed @ https://a.slack-edge.com/bv1-13-br/modern.vendor.3c31b97bb0c5cdabcea4.min.js:381
[    3391ms] [WARNING] May-07 20:09:41.046 TRACES You tried to get a team-specific tracer but didn’t provide enough context and are getting the generic tracer instead which is likely not what you want. @ https://a.slack-edge.com/bv1-13-br/modern.vendor.3c31b97bb0c5cdabcea4.min.js:381
[    3393ms] [ERROR] May-07 20:09:41.049 (T00000000) API call to megaphone.notifications.list
						with reason load-megaphone-notification-data failed, initiated by generated fetcher @ https://a.slack-edge.com/bv1-13-br/modern.vendor.3c31b97bb0c5cdabcea4.min.js:381
[    3396ms] [WARNING] %cUnhandled rejection not_authed: be467d2f-1778164780.672 megaphone.notifications.list not ok: not_authed
    at SlackApiRequest._onNotOk (https://a.slack-edge.com/bv1-13-br/modern.vendor.3c31b97bb0c5cdabcea4.min.js:1281:10909)
    at SlackApiRequest.resolve (https://a.slack-edge.com/bv1-13-br/modern.vendor.3c31b97bb0c5cdabcea4.min.js:1281:10439)
    at SlackApiRequest._onLoad (https://a.slack-edge.com/bv1-13-br/modern.vendor.3c31b97bb0c5cdabcea4.min.js:1274:49720) color: red @ https://a.slack-edge.com/bv1-13-br/rollup-core_required_libs.40b06284ce1a5c8d9844.min.js:59
[   42159ms] [INFO] May-07 20:10:19.814 [WINDOW-UNLOADING] (T00000000) workspace handling window unloading event @ https://a.slack-edge.com/bv1-13-br/modern.vendor.3c31b97bb0c5cdabcea4.min.js:381
