[    2282ms] [ERROR] Failed to load resource: the server responded with a status of 401 () @ https://acvauctionsprod.grafana.net/api/recording-rules/writer:0
[    2284ms] [ERROR] Error fetching Prometheus write target: {status: 401, statusText: , data: Object, config: Object, traceId: 4d98ebbe66869ca95337d349d7ecde39} @ https://grafana-assets.grafana.net/grafana/13.1.0-25308208488/public/build/3612.0b41d2d77bd674d97aa5.js:942
[    2839ms] [ERROR] Failed to load resource: the server responded with a status of 401 () @ https://acvauctionsprod.grafana.net/api/plugins/grafana-collector-app/settings:0
[    2839ms] [ERROR] Failed to load resource: the server responded with a status of 401 () @ https://acvauctionsprod.grafana.net/api/plugins/grafana-adaptivetraces-app/settings:0
[    2842ms] [ERROR] Failed to load resource: the server responded with a status of 401 () @ https://acvauctionsprod.grafana.net/api/plugins/grafana-adaptivelogs-app/settings:0
[    2843ms] [ERROR] Failed to load resource: the server responded with a status of 401 () @ https://acvauctionsprod.grafana.net/api/plugins/grafana-pathfinder-app/settings:0
[    2847ms] [ERROR] Failed to load resource: the server responded with a status of 401 () @ https://acvauctionsprod.grafana.net/api/plugins/grafana-irm-app/settings:0
[    2850ms] [ERROR] Failed to load resource: the server responded with a status of 401 () @ https://acvauctionsprod.grafana.net/api/plugins/grafana-dbo11y-app/settings:0
[    2850ms] [ERROR] Failed to load resource: the server responded with a status of 401 () @ https://acvauctionsprod.grafana.net/api/plugins/grafana-k8s-app/settings:0
[    2853ms] [ERROR] Failed to load resource: the server responded with a status of 401 () @ https://acvauctionsprod.grafana.net/api/plugins/grafana-metricsdrilldown-app/settings:0
[    2854ms] [ERROR] Failed to load resource: the server responded with a status of 401 () @ https://acvauctionsprod.grafana.net/api/plugins/grafana-asserts-app/settings:0
[    2854ms] [ERROR] Failed to load resource: the server responded with a status of 401 () @ https://acvauctionsprod.grafana.net/api/plugins/grafana-kowalski-app/settings:0
[    2855ms] [ERROR] Failed to load resource: the server responded with a status of 401 () @ https://acvauctionsprod.grafana.net/api/plugins/grafana-lokiexplore-app/settings:0
[    2857ms] [ERROR] Failed to load resource: the server responded with a status of 401 () @ https://acvauctionsprod.grafana.net/api/plugins/grafana-easystart-app/settings:0
[    2862ms] [ERROR] Failed to load resource: the server responded with a status of 401 () @ https://acvauctionsprod.grafana.net/api/plugins/grafana-assistant-app/settings:0
[    2862ms] [ERROR] Failed to load resource: the server responded with a status of 401 () @ https://acvauctionsprod.grafana.net/api/plugins/grafana-app-observability-app/settings:0
[    2863ms] [ERROR] Failed to load resource: the server responded with a status of 401 () @ https://acvauctionsprod.grafana.net/api/plugins/grafana-csp-app/settings:0
[    2864ms] [ERROR] Failed to load resource: the server responded with a status of 401 () @ https://acvauctionsprod.grafana.net/api/plugins/grafana-exploretraces-app/settings:0
[    2866ms] [ERROR] Failed to load resource: the server responded with a status of 401 () @ https://acvauctionsprod.grafana.net/api/plugins/grafana-pyroscope-app/settings:0
[    9615ms] [ERROR] Failed to load resource: the server responded with a status of 403 () @ https://api-iam.intercom.io/messenger/web/launcher_settings:0
[    9627ms] [ERROR] Failed to load resource: the server responded with a status of 403 () @ https://api-iam.intercom.io/messenger/web/ping:0
[    9628ms] [ERROR] Intercom Messenger error: Missing user_hash or intercom_user_jwt. A valid user_hash or intercom_user_jwt is required to authenticate users when Messenger Security is enforced. For more details, see https://www.intercom.com/help/en/collections/12295815-messenger-security @ https://js.intercomcdn.com/frame-modern.5bd0dcec.js:0
[    9903ms] [ERROR] Failed to load resource: the server responded with a status of 403 () @ https://api-iam.intercom.io/messenger/web/ping:0
[    9904ms] [ERROR] Intercom Messenger error: Missing user_hash or intercom_user_jwt. A valid user_hash or intercom_user_jwt is required to authenticate users when Messenger Security is enforced. For more details, see https://www.intercom.com/help/en/collections/12295815-messenger-security @ https://js.intercomcdn.com/frame-modern.5bd0dcec.js:0
[  116255ms] [WARNING] <meta name="apple-mobile-web-app-capable" content="yes"> is deprecated. Please include <meta name="mobile-web-app-capable" content="yes"> @ https://acv.okta.com/login/token/redirect?stateToken=02.id.zQ1qzJQUwglp0EV276OgOB2SCVHaT1ShB1D810QF:0
[  120647ms] [ERROR] Failed to load resource: the server responded with a status of 403 () @ https://acvauctionsprod.grafana.net/api/recording-rules/writer:0
[  120648ms] [ERROR] Error fetching Prometheus write target: {status: 403, statusText: , data: Object, config: Object, traceId: 98e50eddb692391d3aad2a68c1209357} @ https://grafana-assets.grafana.net/grafana/13.1.0-25308208488/public/build/3612.0b41d2d77bd674d97aa5.js:942
[  121199ms] [INFO] 🌐 i18next is maintained with support from locize.com — consider powering your project with managed localization (AI, CDN, integrations): https://locize.com 💙 @ https://plugins-cdn.grafana.net/grafana-irm-app/0.90.0/public/plugins/grafana-irm-app/module.js:1
[  121436ms] [ERROR] Faro
 @grafana/faro-web-sdk:transport-fetch
 Failed sending payload to the receiver
 {meta: Object, events: Array(47), logs: Array(1), measurements: Array(2)} TypeError: Failed to fetch
    at https://grafana-assets.grafana.net/grafana/13.1.0-25308208488/public/build/4142.8904ec1a9b5f6d0f57cc.js:96:46558
    at Yn.eval (https://plugins-cdn.grafana.net/grafana-irm-app/0.90.0/public/plugins/grafana-irm-app/module.js:2:160874)
    at Generator.next (<anonymous>)
    at eval (https://plugins-cdn.grafana.net/grafana-irm-app/0.90.0/public/plugins/grafana-irm-app/module.js:2:159557)
    at new Promise (<anonymous>)
    at Wn (https://plugins-cdn.grafana.net/grafana-irm-app/0.90.0/public/plugins/grafana-irm-app/module.js:2:159305)
    at eval (https://plugins-cdn.grafana.net/grafana-irm-app/0.90.0/public/plugins/grafana-irm-app/module.js:2:159847)
    at s (https://plugins-cdn.grafana.net/grafana-irm-app/0.90.0/public/plugins/grafana-irm-app/module.js:2:162611)
    at eval (https://plugins-cdn.grafana.net/grafana-irm-app/0.90.0/public/plugins/grafana-irm-app/module.js:2:162794)
    at new Promise (<anonymous>) @ https://plugins-cdn.grafana.net/grafana-irm-app/0.90.0/public/plugins/grafana-irm-app/module.js:1
[  122342ms] [ERROR] Framing 'https://www.google.com/' violates the following report-only Content Security Policy directive: "frame-src 'self' https". The violation has been logged, but no further action has been taken.
 @ https://www.gstatic.com/:0
[  122467ms] [ERROR] Framing 'https://www.google.com/' violates the following report-only Content Security Policy directive: "frame-src 'self' https". The violation has been logged, but no further action has been taken.
 @ https://www.gstatic.com/:0
[  122804ms] [WARNING] [Pathfinder] pathfinder.enabled flag: false @ https://plugins-cdn.grafana.net/grafana-irm-app/0.90.0/public/plugins/grafana-irm-app/module.js:1
[  122804ms] [WARNING] [Pathfinder] Experiment config loaded: variant="excluded", pages=[], resetCache=false @ https://plugins-cdn.grafana.net/grafana-irm-app/0.90.0/public/plugins/grafana-irm-app/module.js:1
[  122804ms] [WARNING] [Pathfinder] After-24h experiment config loaded: variant="excluded" @ https://plugins-cdn.grafana.net/grafana-irm-app/0.90.0/public/plugins/grafana-irm-app/module.js:1
[  359935ms] [ERROR] Failed to load resource: the server responded with a status of 404 () @ https://acvauctionsprod.grafana.net/api/plugins/grafana-irm-app/resources/users/UVBY9S3F5CCG8/export_token/:0
[  378213ms] [ERROR] Failed to load resource: the server responded with a status of 404 () @ https://acvauctionsprod.grafana.net/api/plugins/grafana-irm-app/resources/users/UVBY9S3F5CCG8/export_token/:0
[  471721ms] [ERROR] Failed to load resource: the server responded with a status of 404 () @ https://acvauctionsprod.grafana.net/api/plugins/grafana-irm-app/resources/users/UVBY9S3F5CCG8/export_token/:0
[ 3722988ms] [ERROR] Framing 'https://www.google.com/' violates the following report-only Content Security Policy directive: "frame-src 'self' https". The violation has been logged, but no further action has been taken.
 @ https://www.gstatic.com/:0
[ 3723118ms] [ERROR] Framing 'https://www.google.com/' violates the following report-only Content Security Policy directive: "frame-src 'self' https". The violation has been logged, but no further action has been taken.
 @ https://www.gstatic.com/:0
[ 6047122ms] [ERROR] WebSocket connection to 'wss://acvauctionsprod.grafana.net/api/live/ws' failed: HTTP Authentication failed; no valid credentials available @ https://grafana-assets.grafana.net/grafana/13.1.0-25308208488/public/build/4.8b1f59e88670d73fa939.js:364
[ 6047502ms] [ERROR] Failed to load resource: the server responded with a status of 401 () @ https://acvauctionsprod.grafana.net/api/login/ping:0
[ 6986423ms] [ERROR] WebSocket connection to 'wss://acvauctionsprod.grafana.net/api/live/ws' failed: HTTP Authentication failed; no valid credentials available @ https://grafana-assets.grafana.net/grafana/13.1.0-25308208488/public/build/4.8b1f59e88670d73fa939.js:364
[ 6987263ms] [ERROR] Failed to load resource: the server responded with a status of 401 () @ https://acvauctionsprod.grafana.net/api/login/ping:0
[ 6987875ms] [ERROR] WebSocket connection to 'wss://acvauctionsprod.grafana.net/api/live/ws' failed: HTTP Authentication failed; no valid credentials available @ https://grafana-assets.grafana.net/grafana/13.1.0-25308208488/public/build/4.8b1f59e88670d73fa939.js:364
[ 7943612ms] [ERROR] WebSocket connection to 'wss://acvauctionsprod.grafana.net/api/live/ws' failed: HTTP Authentication failed; no valid credentials available @ https://grafana-assets.grafana.net/grafana/13.1.0-25308208488/public/build/4.8b1f59e88670d73fa939.js:364
[ 7944459ms] [ERROR] Failed to load resource: the server responded with a status of 401 () @ https://acvauctionsprod.grafana.net/api/login/ping:0
[ 7945075ms] [ERROR] WebSocket connection to 'wss://acvauctionsprod.grafana.net/api/live/ws' failed: HTTP Authentication failed; no valid credentials available @ https://grafana-assets.grafana.net/grafana/13.1.0-25308208488/public/build/4.8b1f59e88670d73fa939.js:364
[ 8895617ms] [ERROR] WebSocket connection to 'wss://acvauctionsprod.grafana.net/api/live/ws' failed: HTTP Authentication failed; no valid credentials available @ https://grafana-assets.grafana.net/grafana/13.1.0-25308208488/public/build/4.8b1f59e88670d73fa939.js:364
[ 8896486ms] [ERROR] Failed to load resource: the server responded with a status of 401 () @ https://acvauctionsprod.grafana.net/api/login/ping:0
[ 8897118ms] [ERROR] WebSocket connection to 'wss://acvauctionsprod.grafana.net/api/live/ws' failed: HTTP Authentication failed; no valid credentials available @ https://grafana-assets.grafana.net/grafana/13.1.0-25308208488/public/build/4.8b1f59e88670d73fa939.js:364
[10736063ms] [ERROR] WebSocket connection to 'wss://acvauctionsprod.grafana.net/api/live/ws' failed: HTTP Authentication failed; no valid credentials available @ https://grafana-assets.grafana.net/grafana/13.1.0-25308208488/public/build/4.8b1f59e88670d73fa939.js:364
[10736912ms] [ERROR] Failed to load resource: the server responded with a status of 401 () @ https://acvauctionsprod.grafana.net/api/login/ping:0
[13285155ms] [ERROR] WebSocket connection to 'wss://acvauctionsprod.grafana.net/api/live/ws' failed: HTTP Authentication failed; no valid credentials available @ https://grafana-assets.grafana.net/grafana/13.1.0-25308208488/public/build/4.8b1f59e88670d73fa939.js:364
[13286060ms] [ERROR] Failed to load resource: the server responded with a status of 401 () @ https://acvauctionsprod.grafana.net/api/login/ping:0
[14241883ms] [ERROR] WebSocket connection to 'wss://acvauctionsprod.grafana.net/api/live/ws' failed: HTTP Authentication failed; no valid credentials available @ https://grafana-assets.grafana.net/grafana/13.1.0-25308208488/public/build/4.8b1f59e88670d73fa939.js:364
[14242747ms] [ERROR] Failed to load resource: the server responded with a status of 401 () @ https://acvauctionsprod.grafana.net/api/login/ping:0
[14243440ms] [ERROR] WebSocket connection to 'wss://acvauctionsprod.grafana.net/api/live/ws' failed: HTTP Authentication failed; no valid credentials available @ https://grafana-assets.grafana.net/grafana/13.1.0-25308208488/public/build/4.8b1f59e88670d73fa939.js:364
[16029254ms] [ERROR] WebSocket connection to 'wss://acvauctionsprod.grafana.net/api/live/ws' failed: HTTP Authentication failed; no valid credentials available @ https://grafana-assets.grafana.net/grafana/13.1.0-25308208488/public/build/4.8b1f59e88670d73fa939.js:364
[16030096ms] [ERROR] Failed to load resource: the server responded with a status of 401 () @ https://acvauctionsprod.grafana.net/api/login/ping:0
[16982432ms] [ERROR] WebSocket connection to 'wss://acvauctionsprod.grafana.net/api/live/ws' failed: HTTP Authentication failed; no valid credentials available @ https://grafana-assets.grafana.net/grafana/13.1.0-25308208488/public/build/4.8b1f59e88670d73fa939.js:364
[16983276ms] [ERROR] Failed to load resource: the server responded with a status of 401 () @ https://acvauctionsprod.grafana.net/api/login/ping:0
[17935095ms] [ERROR] WebSocket connection to 'wss://acvauctionsprod.grafana.net/api/live/ws' failed: HTTP Authentication failed; no valid credentials available @ https://grafana-assets.grafana.net/grafana/13.1.0-25308208488/public/build/4.8b1f59e88670d73fa939.js:364
[17935944ms] [ERROR] Failed to load resource: the server responded with a status of 401 () @ https://acvauctionsprod.grafana.net/api/login/ping:0
[19796210ms] [ERROR] WebSocket connection to 'wss://acvauctionsprod.grafana.net/api/live/ws' failed: HTTP Authentication failed; no valid credentials available @ https://grafana-assets.grafana.net/grafana/13.1.0-25308208488/public/build/4.8b1f59e88670d73fa939.js:364
[19797057ms] [ERROR] Failed to load resource: the server responded with a status of 401 () @ https://acvauctionsprod.grafana.net/api/login/ping:0
[19798017ms] [ERROR] WebSocket connection to 'wss://acvauctionsprod.grafana.net/api/live/ws' failed: HTTP Authentication failed; no valid credentials available @ https://grafana-assets.grafana.net/grafana/13.1.0-25308208488/public/build/4.8b1f59e88670d73fa939.js:364
[20754589ms] [ERROR] WebSocket connection to 'wss://acvauctionsprod.grafana.net/api/live/ws' failed: HTTP Authentication failed; no valid credentials available @ https://grafana-assets.grafana.net/grafana/13.1.0-25308208488/public/build/4.8b1f59e88670d73fa939.js:364
[20755441ms] [ERROR] Failed to load resource: the server responded with a status of 401 () @ https://acvauctionsprod.grafana.net/api/login/ping:0
[20756586ms] [ERROR] WebSocket connection to 'wss://acvauctionsprod.grafana.net/api/live/ws' failed: HTTP Authentication failed; no valid credentials available @ https://grafana-assets.grafana.net/grafana/13.1.0-25308208488/public/build/4.8b1f59e88670d73fa939.js:364
[21713055ms] [ERROR] WebSocket connection to 'wss://acvauctionsprod.grafana.net/api/live/ws' failed: HTTP Authentication failed; no valid credentials available @ https://grafana-assets.grafana.net/grafana/13.1.0-25308208488/public/build/4.8b1f59e88670d73fa939.js:364
[22615793ms] [ERROR] WebSocket connection to 'wss://acvauctionsprod.grafana.net/api/live/ws' failed: HTTP Authentication failed; no valid credentials available @ https://grafana-assets.grafana.net/grafana/13.1.0-25308208488/public/build/4.8b1f59e88670d73fa939.js:364
[22618580ms] [ERROR] WebSocket connection to 'wss://acvauctionsprod.grafana.net/api/live/ws' failed: HTTP Authentication failed; no valid credentials available @ https://grafana-assets.grafana.net/grafana/13.1.0-25308208488/public/build/4.8b1f59e88670d73fa939.js:364
[22621905ms] [ERROR] WebSocket connection to 'wss://acvauctionsprod.grafana.net/api/live/ws' failed: HTTP Authentication failed; no valid credentials available @ https://grafana-assets.grafana.net/grafana/13.1.0-25308208488/public/build/4.8b1f59e88670d73fa939.js:364
[22629280ms] [ERROR] WebSocket connection to 'wss://acvauctionsprod.grafana.net/api/live/ws' failed: HTTP Authentication failed; no valid credentials available @ https://grafana-assets.grafana.net/grafana/13.1.0-25308208488/public/build/4.8b1f59e88670d73fa939.js:364
[22634628ms] [ERROR] WebSocket connection to 'wss://acvauctionsprod.grafana.net/api/live/ws' failed: HTTP Authentication failed; no valid credentials available @ https://grafana-assets.grafana.net/grafana/13.1.0-25308208488/public/build/4.8b1f59e88670d73fa939.js:364
[22635833ms] [ERROR] Failed to load resource: net::ERR_CONNECTION_RESET @ https://acvauctionsprod.grafana.net/api/login/ping:0
[22635836ms] [ERROR] Failed to load resource: net::ERR_CONNECTION_RESET @ https://acvauctionsprod.grafana.net/api/login/ping:0
[22636999ms] [ERROR] Failed to load resource: the server responded with a status of 401 () @ https://acvauctionsprod.grafana.net/api/login/ping:0
[22637353ms] [ERROR] Failed to load resource: the server responded with a status of 401 () @ https://acvauctionsprod.grafana.net/api/login/ping:0
[22637685ms] [ERROR] Failed to load resource: the server responded with a status of 401 () @ https://acvauctionsprod.grafana.net/api/login/ping:0
[23587585ms] [ERROR] WebSocket connection to 'wss://acvauctionsprod.grafana.net/api/live/ws' failed: HTTP Authentication failed; no valid credentials available @ https://grafana-assets.grafana.net/grafana/13.1.0-25308208488/public/build/4.8b1f59e88670d73fa939.js:364
[23588575ms] [ERROR] Failed to load resource: the server responded with a status of 401 () @ https://acvauctionsprod.grafana.net/api/login/ping:0
[23589298ms] [ERROR] WebSocket connection to 'wss://acvauctionsprod.grafana.net/api/live/ws' failed: HTTP Authentication failed; no valid credentials available @ https://grafana-assets.grafana.net/grafana/13.1.0-25308208488/public/build/4.8b1f59e88670d73fa939.js:364
[24292484ms] [ERROR] WebSocket connection to 'wss://acvauctionsprod.grafana.net/api/live/ws' failed: HTTP Authentication failed; no valid credentials available @ https://grafana-assets.grafana.net/grafana/13.1.0-25308208488/public/build/4.8b1f59e88670d73fa939.js:364
[24293503ms] [ERROR] Failed to load resource: the server responded with a status of 401 () @ https://acvauctionsprod.grafana.net/api/login/ping:0
[24294714ms] [ERROR] WebSocket connection to 'wss://acvauctionsprod.grafana.net/api/live/ws' failed: HTTP Authentication failed; no valid credentials available @ https://grafana-assets.grafana.net/grafana/13.1.0-25308208488/public/build/4.8b1f59e88670d73fa939.js:364
[26135896ms] [ERROR] WebSocket connection to 'wss://acvauctionsprod.grafana.net/api/live/ws' failed: HTTP Authentication failed; no valid credentials available @ https://grafana-assets.grafana.net/grafana/13.1.0-25308208488/public/build/4.8b1f59e88670d73fa939.js:364
[26136736ms] [ERROR] Failed to load resource: the server responded with a status of 401 () @ https://acvauctionsprod.grafana.net/api/login/ping:0
[27074761ms] [ERROR] WebSocket connection to 'wss://acvauctionsprod.grafana.net/api/live/ws' failed: HTTP Authentication failed; no valid credentials available @ https://grafana-assets.grafana.net/grafana/13.1.0-25308208488/public/build/4.8b1f59e88670d73fa939.js:364
[27075609ms] [ERROR] Failed to load resource: the server responded with a status of 401 () @ https://acvauctionsprod.grafana.net/api/login/ping:0
[28860995ms] [ERROR] WebSocket connection to 'wss://acvauctionsprod.grafana.net/api/live/ws' failed: HTTP Authentication failed; no valid credentials available @ https://grafana-assets.grafana.net/grafana/13.1.0-25308208488/public/build/4.8b1f59e88670d73fa939.js:364
[28861841ms] [ERROR] Failed to load resource: the server responded with a status of 401 () @ https://acvauctionsprod.grafana.net/api/login/ping:0
[28862683ms] [ERROR] WebSocket connection to 'wss://acvauctionsprod.grafana.net/api/live/ws' failed: HTTP Authentication failed; no valid credentials available @ https://grafana-assets.grafana.net/grafana/13.1.0-25308208488/public/build/4.8b1f59e88670d73fa939.js:364
[29823932ms] [ERROR] WebSocket connection to 'wss://acvauctionsprod.grafana.net/api/live/ws' failed: HTTP Authentication failed; no valid credentials available @ https://grafana-assets.grafana.net/grafana/13.1.0-25308208488/public/build/4.8b1f59e88670d73fa939.js:364
[30725185ms] [ERROR] Failed to load resource: net::ERR_CONNECTION_RESET @ https://acvauctionsprod.grafana.net/api/login/ping:0
[30727042ms] [ERROR] WebSocket connection to 'wss://acvauctionsprod.grafana.net/api/live/ws' failed: HTTP Authentication failed; no valid credentials available @ https://grafana-assets.grafana.net/grafana/13.1.0-25308208488/public/build/4.8b1f59e88670d73fa939.js:364
[30729022ms] [ERROR] Failed to load resource: the server responded with a status of 401 () @ https://acvauctionsprod.grafana.net/api/login/ping:0
[30729221ms] [ERROR] WebSocket connection to 'wss://acvauctionsprod.grafana.net/api/live/ws' failed: HTTP Authentication failed; no valid credentials available @ https://grafana-assets.grafana.net/grafana/13.1.0-25308208488/public/build/4.8b1f59e88670d73fa939.js:364
[32515076ms] [ERROR] WebSocket connection to 'wss://acvauctionsprod.grafana.net/api/live/ws' failed: Error during WebSocket handshake: net::ERR_CONNECTION_RESET @ https://grafana-assets.grafana.net/grafana/13.1.0-25308208488/public/build/4.8b1f59e88670d73fa939.js:364
[32516182ms] [ERROR] Failed to load resource: the server responded with a status of 401 () @ https://acvauctionsprod.grafana.net/api/login/ping:0
[32516998ms] [ERROR] WebSocket connection to 'wss://acvauctionsprod.grafana.net/api/live/ws' failed: HTTP Authentication failed; no valid credentials available @ https://grafana-assets.grafana.net/grafana/13.1.0-25308208488/public/build/4.8b1f59e88670d73fa939.js:364
[34859795ms] [ERROR] WebSocket connection to 'wss://acvauctionsprod.grafana.net/api/live/ws' failed: HTTP Authentication failed; no valid credentials available @ https://grafana-assets.grafana.net/grafana/13.1.0-25308208488/public/build/4.8b1f59e88670d73fa939.js:364
[34859813ms] [ERROR] Failed to load resource: net::ERR_CONNECTION_RESET @ https://acvauctionsprod.grafana.net/api/frontend/assets:0
[34859825ms] TypeError: Failed to fetch
    at https://grafana-assets.grafana.net/grafana/13.1.0-25308208488/public/build/4142.8904ec1a9b5f6d0f57cc.js:96:47926
    at x_.with (https://grafana-assets.grafana.net/grafana/13.1.0-25308208488/public/build/4142.8904ec1a9b5f6d0f57cc.js:96:26581)
    at m.with (https://grafana-assets.grafana.net/grafana/13.1.0-25308208488/public/build/4142.8904ec1a9b5f6d0f57cc.js:1:1891)
    at https://grafana-assets.grafana.net/grafana/13.1.0-25308208488/public/build/4142.8904ec1a9b5f6d0f57cc.js:96:47829
    at new Promise (<anonymous>)
    at https://grafana-assets.grafana.net/grafana/13.1.0-25308208488/public/build/4142.8904ec1a9b5f6d0f57cc.js:96:47801
    at o.<computed>.o.<computed> (https://rsi.grafana.com/v1.1/js-integrations/Fullstory.min.js:1:5852)
    at F._subscribe (https://grafana-assets.grafana.net/grafana/13.1.0-25308208488/public/build/4.8b1f59e88670d73fa939.js:308:16088)
    at F._trySubscribe (https://grafana-assets.grafana.net/grafana/13.1.0-25308208488/public/build/3661.86d07cdbb61dfa54ffbb.js:113:7481)
    at https://grafana-assets.grafana.net/grafana/13.1.0-25308208488/public/build/3661.86d07cdbb61dfa54ffbb.js:113:7404
[34859822ms] [ERROR] Failed to load resource: net::ERR_CONNECTION_RESET @ https://acvauctionsprod.grafana.net/api/login/ping:0
[34861308ms] [ERROR] WebSocket connection to 'wss://acvauctionsprod.grafana.net/api/live/ws' failed: HTTP Authentication failed; no valid credentials available @ https://grafana-assets.grafana.net/grafana/13.1.0-25308208488/public/build/4.8b1f59e88670d73fa939.js:364
[34863409ms] [ERROR] WebSocket connection to 'wss://acvauctionsprod.grafana.net/api/live/ws' failed: HTTP Authentication failed; no valid credentials available @ https://grafana-assets.grafana.net/grafana/13.1.0-25308208488/public/build/4.8b1f59e88670d73fa939.js:364
[34867841ms] [ERROR] WebSocket connection to 'wss://acvauctionsprod.grafana.net/api/live/ws' failed: HTTP Authentication failed; no valid credentials available @ https://grafana-assets.grafana.net/grafana/13.1.0-25308208488/public/build/4.8b1f59e88670d73fa939.js:364
[34868686ms] [ERROR] Failed to load resource: the server responded with a status of 401 () @ https://acvauctionsprod.grafana.net/api/login/ping:0
[35806286ms] [ERROR] WebSocket connection to 'wss://acvauctionsprod.grafana.net/api/live/ws' failed: HTTP Authentication failed; no valid credentials available @ https://grafana-assets.grafana.net/grafana/13.1.0-25308208488/public/build/4.8b1f59e88670d73fa939.js:364
[35807154ms] [ERROR] Failed to load resource: the server responded with a status of 401 () @ https://acvauctionsprod.grafana.net/api/login/ping:0
[35807831ms] [ERROR] WebSocket connection to 'wss://acvauctionsprod.grafana.net/api/live/ws' failed: HTTP Authentication failed; no valid credentials available @ https://grafana-assets.grafana.net/grafana/13.1.0-25308208488/public/build/4.8b1f59e88670d73fa939.js:364
[37667703ms] [ERROR] WebSocket connection to 'wss://acvauctionsprod.grafana.net/api/live/ws' failed: Error during WebSocket handshake: net::ERR_CONNECTION_RESET @ https://grafana-assets.grafana.net/grafana/13.1.0-25308208488/public/build/4.8b1f59e88670d73fa939.js:364
[37668547ms] [ERROR] Failed to load resource: the server responded with a status of 401 () @ https://acvauctionsprod.grafana.net/api/login/ping:0
[38606542ms] [ERROR] WebSocket connection to 'wss://acvauctionsprod.grafana.net/api/live/ws' failed: HTTP Authentication failed; no valid credentials available @ https://grafana-assets.grafana.net/grafana/13.1.0-25308208488/public/build/4.8b1f59e88670d73fa939.js:364
[38607377ms] [ERROR] Failed to load resource: the server responded with a status of 401 () @ https://acvauctionsprod.grafana.net/api/login/ping:0
[38608522ms] [ERROR] WebSocket connection to 'wss://acvauctionsprod.grafana.net/api/live/ws' failed: HTTP Authentication failed; no valid credentials available @ https://grafana-assets.grafana.net/grafana/13.1.0-25308208488/public/build/4.8b1f59e88670d73fa939.js:364
[39547468ms] [ERROR] WebSocket connection to 'wss://acvauctionsprod.grafana.net/api/live/ws' failed: HTTP Authentication failed; no valid credentials available @ https://grafana-assets.grafana.net/grafana/13.1.0-25308208488/public/build/4.8b1f59e88670d73fa939.js:364
[39548280ms] [ERROR] Failed to load resource: the server responded with a status of 401 () @ https://acvauctionsprod.grafana.net/api/login/ping:0
[39548979ms] [ERROR] WebSocket connection to 'wss://acvauctionsprod.grafana.net/api/live/ws' failed: HTTP Authentication failed; no valid credentials available @ https://grafana-assets.grafana.net/grafana/13.1.0-25308208488/public/build/4.8b1f59e88670d73fa939.js:364
[41407596ms] [ERROR] WebSocket connection to 'wss://acvauctionsprod.grafana.net/api/live/ws' failed: HTTP Authentication failed; no valid credentials available @ https://grafana-assets.grafana.net/grafana/13.1.0-25308208488/public/build/4.8b1f59e88670d73fa939.js:364
[41408423ms] [ERROR] Failed to load resource: the server responded with a status of 401 () @ https://acvauctionsprod.grafana.net/api/login/ping:0
[41409249ms] [ERROR] WebSocket connection to 'wss://acvauctionsprod.grafana.net/api/live/ws' failed: HTTP Authentication failed; no valid credentials available @ https://grafana-assets.grafana.net/grafana/13.1.0-25308208488/public/build/4.8b1f59e88670d73fa939.js:364
[42366348ms] [ERROR] WebSocket connection to 'wss://acvauctionsprod.grafana.net/api/live/ws' failed: HTTP Authentication failed; no valid credentials available @ https://grafana-assets.grafana.net/grafana/13.1.0-25308208488/public/build/4.8b1f59e88670d73fa939.js:364
[42367191ms] [ERROR] Failed to load resource: the server responded with a status of 401 () @ https://acvauctionsprod.grafana.net/api/login/ping:0
[42368068ms] [ERROR] WebSocket connection to 'wss://acvauctionsprod.grafana.net/api/live/ws' failed: HTTP Authentication failed; no valid credentials available @ https://grafana-assets.grafana.net/grafana/13.1.0-25308208488/public/build/4.8b1f59e88670d73fa939.js:364
[44227686ms] [ERROR] WebSocket connection to 'wss://acvauctionsprod.grafana.net/api/live/ws' failed: HTTP Authentication failed; no valid credentials available @ https://grafana-assets.grafana.net/grafana/13.1.0-25308208488/public/build/4.8b1f59e88670d73fa939.js:364
[44228654ms] [ERROR] Failed to load resource: the server responded with a status of 401 () @ https://acvauctionsprod.grafana.net/api/login/ping:0
[45189065ms] [ERROR] WebSocket connection to 'wss://acvauctionsprod.grafana.net/api/live/ws' failed: HTTP Authentication failed; no valid credentials available @ https://grafana-assets.grafana.net/grafana/13.1.0-25308208488/public/build/4.8b1f59e88670d73fa939.js:364
[45189995ms] [ERROR] Failed to load resource: the server responded with a status of 401 () @ https://acvauctionsprod.grafana.net/api/login/ping:0
[45190983ms] [ERROR] WebSocket connection to 'wss://acvauctionsprod.grafana.net/api/live/ws' failed: HTTP Authentication failed; no valid credentials available @ https://grafana-assets.grafana.net/grafana/13.1.0-25308208488/public/build/4.8b1f59e88670d73fa939.js:364
[46431290ms] [ERROR] WebSocket connection to 'wss://acvauctionsprod.grafana.net/api/live/ws' failed: HTTP Authentication failed; no valid credentials available @ https://grafana-assets.grafana.net/grafana/13.1.0-25308208488/public/build/4.8b1f59e88670d73fa939.js:364
[46432129ms] [ERROR] Failed to load resource: the server responded with a status of 401 () @ https://acvauctionsprod.grafana.net/api/login/ping:0
[47371004ms] [ERROR] WebSocket connection to 'wss://acvauctionsprod.grafana.net/api/live/ws' failed: HTTP Authentication failed; no valid credentials available @ https://grafana-assets.grafana.net/grafana/13.1.0-25308208488/public/build/4.8b1f59e88670d73fa939.js:364
[47371858ms] [ERROR] Failed to load resource: the server responded with a status of 401 () @ https://acvauctionsprod.grafana.net/api/login/ping:0
[47372874ms] [ERROR] WebSocket connection to 'wss://acvauctionsprod.grafana.net/api/live/ws' failed: HTTP Authentication failed; no valid credentials available @ https://grafana-assets.grafana.net/grafana/13.1.0-25308208488/public/build/4.8b1f59e88670d73fa939.js:364
[48319067ms] [ERROR] WebSocket connection to 'wss://acvauctionsprod.grafana.net/api/live/ws' failed: HTTP Authentication failed; no valid credentials available @ https://grafana-assets.grafana.net/grafana/13.1.0-25308208488/public/build/4.8b1f59e88670d73fa939.js:364
[48320051ms] [ERROR] Failed to load resource: the server responded with a status of 401 () @ https://acvauctionsprod.grafana.net/api/login/ping:0
[49221605ms] [ERROR] Failed to load resource: net::ERR_CONNECTION_RESET @ https://faro-collector-ops-eu-south-0.grafana-ops.net/collect/bc03dd0f2a088059ae67a23bc296a26d:0
[50145042ms] [ERROR] WebSocket connection to 'wss://acvauctionsprod.grafana.net/api/live/ws' failed: Error during WebSocket handshake: net::ERR_CONNECTION_RESET @ https://grafana-assets.grafana.net/grafana/13.1.0-25308208488/public/build/4.8b1f59e88670d73fa939.js:364
[50145883ms] [ERROR] Failed to load resource: the server responded with a status of 401 () @ https://acvauctionsprod.grafana.net/api/login/ping:0
[50146162ms] [ERROR] Failed to load resource: the server responded with a status of 401 () @ https://acvauctionsprod.grafana.net/api/login/ping:0
[51097995ms] [ERROR] WebSocket connection to 'wss://acvauctionsprod.grafana.net/api/live/ws' failed: HTTP Authentication failed; no valid credentials available @ https://grafana-assets.grafana.net/grafana/13.1.0-25308208488/public/build/4.8b1f59e88670d73fa939.js:364
[51098841ms] [ERROR] Failed to load resource: the server responded with a status of 401 () @ https://acvauctionsprod.grafana.net/api/login/ping:0
[51099811ms] [ERROR] WebSocket connection to 'wss://acvauctionsprod.grafana.net/api/live/ws' failed: HTTP Authentication failed; no valid credentials available @ https://grafana-assets.grafana.net/grafana/13.1.0-25308208488/public/build/4.8b1f59e88670d73fa939.js:364
[52057995ms] [ERROR] WebSocket connection to 'wss://acvauctionsprod.grafana.net/api/live/ws' failed: HTTP Authentication failed; no valid credentials available @ https://grafana-assets.grafana.net/grafana/13.1.0-25308208488/public/build/4.8b1f59e88670d73fa939.js:364
[52058854ms] [ERROR] Failed to load resource: the server responded with a status of 401 () @ https://acvauctionsprod.grafana.net/api/login/ping:0
[52718624ms] [ERROR] Failed to load resource: the server responded with a status of 401 () @ https://acvauctionsprod.grafana.net/api/frontend/assets:0
[55553352ms] [ERROR] WebSocket connection to 'wss://acvauctionsprod.grafana.net/api/live/ws' failed: HTTP Authentication failed; no valid credentials available @ https://grafana-assets.grafana.net/grafana/13.1.0-25308208488/public/build/4.8b1f59e88670d73fa939.js:364
[55554197ms] [ERROR] Failed to load resource: the server responded with a status of 401 () @ https://acvauctionsprod.grafana.net/api/login/ping:0
[57301946ms] [ERROR] WebSocket connection to 'wss://acvauctionsprod.grafana.net/api/live/ws' failed: HTTP Authentication failed; no valid credentials available @ https://grafana-assets.grafana.net/grafana/13.1.0-25308208488/public/build/4.8b1f59e88670d73fa939.js:364
[57302841ms] [ERROR] Failed to load resource: the server responded with a status of 401 () @ https://acvauctionsprod.grafana.net/api/login/ping:0
[57303475ms] [ERROR] WebSocket connection to 'wss://acvauctionsprod.grafana.net/api/live/ws' failed: HTTP Authentication failed; no valid credentials available @ https://grafana-assets.grafana.net/grafana/13.1.0-25308208488/public/build/4.8b1f59e88670d73fa939.js:364
[58267939ms] [ERROR] WebSocket connection to 'wss://acvauctionsprod.grafana.net/api/live/ws' failed: HTTP Authentication failed; no valid credentials available @ https://grafana-assets.grafana.net/grafana/13.1.0-25308208488/public/build/4.8b1f59e88670d73fa939.js:364
[58268764ms] [ERROR] Failed to load resource: the server responded with a status of 401 () @ https://acvauctionsprod.grafana.net/api/login/ping:0
[59171722ms] [ERROR] WebSocket connection to 'wss://acvauctionsprod.grafana.net/api/live/ws' failed: HTTP Authentication failed; no valid credentials available @ https://grafana-assets.grafana.net/grafana/13.1.0-25308208488/public/build/4.8b1f59e88670d73fa939.js:364
[59172659ms] [ERROR] Failed to load resource: the server responded with a status of 401 () @ https://acvauctionsprod.grafana.net/api/login/ping:0
[59209254ms] [ERROR] Framing 'https://www.google.com/' violates the following report-only Content Security Policy directive: "frame-src 'self' https". The violation has been logged, but no further action has been taken.
 @ https://www.gstatic.com/:0
[59209465ms] [ERROR] Framing 'https://www.google.com/' violates the following report-only Content Security Policy directive: "frame-src 'self' https". The violation has been logged, but no further action has been taken.
 @ https://www.gstatic.com/:0
[60054419ms] [ERROR] WebSocket connection to 'wss://acvauctionsprod.grafana.net/api/live/ws' failed: HTTP Authentication failed; no valid credentials available @ https://grafana-assets.grafana.net/grafana/13.1.0-25308208488/public/build/4.8b1f59e88670d73fa939.js:364
[60055259ms] [ERROR] Failed to load resource: the server responded with a status of 401 () @ https://acvauctionsprod.grafana.net/api/login/ping:0
[60056335ms] [ERROR] WebSocket connection to 'wss://acvauctionsprod.grafana.net/api/live/ws' failed: HTTP Authentication failed; no valid credentials available @ https://grafana-assets.grafana.net/grafana/13.1.0-25308208488/public/build/4.8b1f59e88670d73fa939.js:364
[61917032ms] [ERROR] WebSocket connection to 'wss://acvauctionsprod.grafana.net/api/live/ws' failed: HTTP Authentication failed; no valid credentials available @ https://grafana-assets.grafana.net/grafana/13.1.0-25308208488/public/build/4.8b1f59e88670d73fa939.js:364
[61917880ms] [ERROR] Failed to load resource: the server responded with a status of 401 () @ https://acvauctionsprod.grafana.net/api/login/ping:0
[61918578ms] [ERROR] WebSocket connection to 'wss://acvauctionsprod.grafana.net/api/live/ws' failed: HTTP Authentication failed; no valid credentials available @ https://grafana-assets.grafana.net/grafana/13.1.0-25308208488/public/build/4.8b1f59e88670d73fa939.js:364
[62603786ms] [ERROR] WebSocket connection to 'wss://acvauctionsprod.grafana.net/api/live/ws' failed: HTTP Authentication failed; no valid credentials available @ https://grafana-assets.grafana.net/grafana/13.1.0-25308208488/public/build/4.8b1f59e88670d73fa939.js:364
[62604111ms] [ERROR] Failed to load resource: the server responded with a status of 401 () @ https://acvauctionsprod.grafana.net/api/login/ping:0
[63513692ms] [WARNING] WebSocket connection to 'wss://nexus-websocket-a.intercom.io/pubsub/5-5Nna4ec36GKd3uaf7FejiY0GoT14acSCav2rIX33RtpBSgUJThzn626h_UOnEwNMfjCQKkn6dZ7iMm9YwlTQKXdceVSFqBZVx1kj?X-Nexus-New-Client=true&X-Nexus-Version=0.18.8&user_role=user' failed: WebSocket is closed before the connection is established. @ https://js.intercomcdn.com/vendor-modern.00ca12c4.js:1
[63701843ms] [ERROR] WebSocket connection to 'wss://acvauctionsprod.grafana.net/api/live/ws' failed: HTTP Authentication failed; no valid credentials available @ https://grafana-assets.grafana.net/grafana/13.1.0-25308208488/public/build/4.8b1f59e88670d73fa939.js:364
[63702676ms] [ERROR] Failed to load resource: the server responded with a status of 401 () @ https://acvauctionsprod.grafana.net/api/login/ping:0
[63703444ms] [ERROR] WebSocket connection to 'wss://acvauctionsprod.grafana.net/api/live/ws' failed: HTTP Authentication failed; no valid credentials available @ https://grafana-assets.grafana.net/grafana/13.1.0-25308208488/public/build/4.8b1f59e88670d73fa939.js:364
[65560773ms] [ERROR] WebSocket connection to 'wss://acvauctionsprod.grafana.net/api/live/ws' failed: HTTP Authentication failed; no valid credentials available @ https://grafana-assets.grafana.net/grafana/13.1.0-25308208488/public/build/4.8b1f59e88670d73fa939.js:364
[65561627ms] [ERROR] Failed to load resource: the server responded with a status of 401 () @ https://acvauctionsprod.grafana.net/api/login/ping:0
[66512840ms] [ERROR] WebSocket connection to 'wss://acvauctionsprod.grafana.net/api/live/ws' failed: HTTP Authentication failed; no valid credentials available @ https://grafana-assets.grafana.net/grafana/13.1.0-25308208488/public/build/4.8b1f59e88670d73fa939.js:364
[66513677ms] [ERROR] Failed to load resource: the server responded with a status of 401 () @ https://acvauctionsprod.grafana.net/api/login/ping:0
[67385473ms] [ERROR] WebSocket connection to 'wss://acvauctionsprod.grafana.net/api/live/ws' failed: HTTP Authentication failed; no valid credentials available @ https://grafana-assets.grafana.net/grafana/13.1.0-25308208488/public/build/4.8b1f59e88670d73fa939.js:364
[67386413ms] [ERROR] Failed to load resource: the server responded with a status of 401 () @ https://acvauctionsprod.grafana.net/api/login/ping:0
[67387359ms] [ERROR] WebSocket connection to 'wss://acvauctionsprod.grafana.net/api/live/ws' failed: HTTP Authentication failed; no valid credentials available @ https://grafana-assets.grafana.net/grafana/13.1.0-25308208488/public/build/4.8b1f59e88670d73fa939.js:364
