[   52312ms] [INFO] [persistence] SDK ready, project: https://xjyebiztvfxgkounymfh.supabase.co hash present: true @ http://localhost:8765/js/persistence.js?v=20260503234400:653
[   52387ms] [INFO] [persistence] getSession result: SIGNED IN @ http://localhost:8765/js/persistence.js?v=20260503234400:657
[   52580ms] [WARNING] Canvas2D: Multiple readback operations using getImageData are faster with the willReadFrequently attribute set to true. See: https://html.spec.whatwg.org/multipage/canvas.html#concept-canvas-will-read-frequently @ http://localhost:8765/js/chart.js?v=20260503234400:459
[   53071ms] [INFO] [persist] PULL got cloud snapshot with phases: [Base (no kids), Kid 1 at home, Kid 2 at home, Kid 1 college fees, Kid 1 hostel, Kid 1 pocket money, Kid 2 college fees, Kid 2 hostel, Kid 2 pocket money, Medical add-on] @ http://localhost:8765/js/persistence.js?v=20260503234400:311
[   68989ms] [INFO] [persist] PULL got cloud snapshot with phases: [Base (no kids), Kid 1 at home, Kid 2 at home, Kid 1 college fees, Kid 1 hostel, Kid 1 pocket money, Kid 2 college fees, Kid 2 hostel, Kid 2 pocket money, Medical add-on] @ http://localhost:8765/js/persistence.js?v=20260503234400:311
[  112504ms] [INFO] [persistence] SDK ready, project: https://xjyebiztvfxgkounymfh.supabase.co hash present: true @ http://localhost:8765/js/persistence.js?v=20260503234553:653
[  112507ms] [INFO] [persistence] getSession result: SIGNED IN @ http://localhost:8765/js/persistence.js?v=20260503234553:657
[  112635ms] [INFO] [persist] PULL got cloud snapshot with phases: [Base (no kids), Kid 1 at home, Kid 2 at home, Kid 1 college fees, Kid 1 hostel, Kid 1 pocket money, Kid 2 college fees, Kid 2 hostel, Kid 2 pocket money, Medical add-on] @ http://localhost:8765/js/persistence.js?v=20260503234553:311
[  112648ms] [WARNING] Canvas2D: Multiple readback operations using getImageData are faster with the willReadFrequently attribute set to true. See: https://html.spec.whatwg.org/multipage/canvas.html#concept-canvas-will-read-frequently @ http://localhost:8765/js/chart.js?v=20260503234553:459
[  161319ms] [INFO] [persist] PULL got cloud snapshot with phases: [Base (no kids), Kid 1 at home, Kid 2 at home, Kid 1 college fees, Kid 1 hostel, Kid 1 pocket money, Kid 2 college fees, Kid 2 hostel, Kid 2 pocket money, Medical add-on] @ http://localhost:8765/js/persistence.js?v=20260503234553:311
[  321197ms] [INFO] [persistence] SDK ready, project: https://xjyebiztvfxgkounymfh.supabase.co hash present: true @ http://localhost:8765/js/persistence.js?v=20260503234921:653
[  321274ms] [INFO] [persistence] getSession result: SIGNED IN @ http://localhost:8765/js/persistence.js?v=20260503234921:657
[  321479ms] [WARNING] Canvas2D: Multiple readback operations using getImageData are faster with the willReadFrequently attribute set to true. See: https://html.spec.whatwg.org/multipage/canvas.html#concept-canvas-will-read-frequently @ http://localhost:8765/js/chart.js?v=20260503234921:459
[  321844ms] [INFO] [persist] PULL got cloud snapshot with phases: [Base (no kids), Kid 1 at home, Kid 2 at home, Kid 1 college fees, Kid 1 hostel, Kid 1 pocket money, Kid 2 college fees, Kid 2 hostel, Kid 2 pocket money, Medical add-on] @ http://localhost:8765/js/persistence.js?v=20260503234921:311
[  386500ms] [INFO] [persist] PULL got cloud snapshot with phases: [Base (no kids), Kid 1 at home, Kid 2 at home, Kid 1 college fees, Kid 1 hostel, Kid 1 pocket money, Kid 2 college fees, Kid 2 hostel, Kid 2 pocket money, Medical add-on] @ http://localhost:8765/js/persistence.js?v=20260503234921:311
[  521465ms] [INFO] [persistence] SDK ready, project: https://xjyebiztvfxgkounymfh.supabase.co hash present: true @ http://localhost:8765/js/persistence.js?v=20260503235242:653
[  521468ms] [INFO] [persistence] getSession result: SIGNED IN @ http://localhost:8765/js/persistence.js?v=20260503235242:657
[  521688ms] [WARNING] Canvas2D: Multiple readback operations using getImageData are faster with the willReadFrequently attribute set to true. See: https://html.spec.whatwg.org/multipage/canvas.html#concept-canvas-will-read-frequently @ http://localhost:8765/js/chart.js?v=20260503235242:459
[  522560ms] [INFO] [persist] PULL got cloud snapshot with phases: [Base (no kids), Kid 1 at home, Kid 2 at home, Kid 1 college fees, Kid 1 hostel, Kid 1 pocket money, Kid 2 college fees, Kid 2 hostel, Kid 2 pocket money, Medical add-on] @ http://localhost:8765/js/persistence.js?v=20260503235242:311
[  688498ms] [INFO] [persistence] SDK ready, project: https://xjyebiztvfxgkounymfh.supabase.co hash present: true @ http://localhost:8765/js/persistence.js?v=20260503235529:653
[  688499ms] [INFO] [persistence] getSession result: SIGNED IN @ http://localhost:8765/js/persistence.js?v=20260503235529:657
[  688638ms] [INFO] [persist] PULL got cloud snapshot with phases: [Base (no kids), Kid 1 at home, Kid 2 at home, Kid 1 college fees, Kid 1 hostel, Kid 1 pocket money, Kid 2 college fees, Kid 2 hostel, Kid 2 pocket money, Medical add-on] @ http://localhost:8765/js/persistence.js?v=20260503235529:311
[  688653ms] [WARNING] Canvas2D: Multiple readback operations using getImageData are faster with the willReadFrequently attribute set to true. See: https://html.spec.whatwg.org/multipage/canvas.html#concept-canvas-will-read-frequently @ http://localhost:8765/js/chart.js?v=20260503235529:459
[  981514ms] [INFO] [persistence] SDK ready, project: https://xjyebiztvfxgkounymfh.supabase.co hash present: true @ http://localhost:8765/js/persistence.js?v=20260504000021:653
[  981542ms] [INFO] [persistence] getSession result: SIGNED IN @ http://localhost:8765/js/persistence.js?v=20260504000021:657
[  981731ms] [WARNING] Canvas2D: Multiple readback operations using getImageData are faster with the willReadFrequently attribute set to true. See: https://html.spec.whatwg.org/multipage/canvas.html#concept-canvas-will-read-frequently @ http://localhost:8765/js/chart.js?v=20260504000021:459
[  981834ms] [INFO] [persist] PULL got cloud snapshot with phases: [Base (no kids), Kid 1 at home, Kid 2 at home, Kid 1 college fees, Kid 1 hostel, Kid 1 pocket money, Kid 2 college fees, Kid 2 hostel, Kid 2 pocket money, Medical add-on] @ http://localhost:8765/js/persistence.js?v=20260504000021:311
[ 1014309ms] [INFO] [persist] PULL got cloud snapshot with phases: [Base (no kids), Kid 1 at home, Kid 2 at home, Kid 1 college fees, Kid 1 hostel, Kid 1 pocket money, Kid 2 college fees, Kid 2 hostel, Kid 2 pocket money, Medical add-on] @ http://localhost:8765/js/persistence.js?v=20260504000021:311
[ 1130004ms] [INFO] [persist] PULL got cloud snapshot with phases: [Base (no kids), Kid 1 at home, Kid 2 at home, Kid 1 college fees, Kid 1 hostel, Kid 1 pocket money, Kid 2 college fees, Kid 2 hostel, Kid 2 pocket money, Medical add-on] @ http://localhost:8765/js/persistence.js?v=20260504000021:311
[ 1133444ms] [INFO] [persist] PULL got cloud snapshot with phases: [Base (no kids), Kid 1 at home, Kid 2 at home, Kid 1 college fees, Kid 1 hostel, Kid 1 pocket money, Kid 2 college fees, Kid 2 hostel, Kid 2 pocket money, Medical add-on] @ http://localhost:8765/js/persistence.js?v=20260504000021:311
[ 1167523ms] [INFO] [persistence] SDK ready, project: https://xjyebiztvfxgkounymfh.supabase.co hash present: true @ http://localhost:8765/js/persistence.js?v=20260504000327:653
[ 1167526ms] [INFO] [persistence] getSession result: SIGNED IN @ http://localhost:8765/js/persistence.js?v=20260504000327:657
[ 1167665ms] [INFO] [persist] PULL got cloud snapshot with phases: [Base (no kids), Kid 1 at home, Kid 2 at home, Kid 1 college fees, Kid 1 hostel, Kid 1 pocket money, Kid 2 college fees, Kid 2 hostel, Kid 2 pocket money, Medical add-on] @ http://localhost:8765/js/persistence.js?v=20260504000327:311
[ 1167689ms] [WARNING] Canvas2D: Multiple readback operations using getImageData are faster with the willReadFrequently attribute set to true. See: https://html.spec.whatwg.org/multipage/canvas.html#concept-canvas-will-read-frequently @ http://localhost:8765/js/chart.js?v=20260504000327:459
[ 1204901ms] [INFO] [persist] PULL got cloud snapshot with phases: [Base (no kids), Kid 1 at home, Kid 2 at home, Kid 1 college fees, Kid 1 hostel, Kid 1 pocket money, Kid 2 college fees, Kid 2 hostel, Kid 2 pocket money, Medical add-on] @ http://localhost:8765/js/persistence.js?v=20260504000327:311
[ 1206493ms] [INFO] [persist] PULL got cloud snapshot with phases: [Base (no kids), Kid 1 at home, Kid 2 at home, Kid 1 college fees, Kid 1 hostel, Kid 1 pocket money, Kid 2 college fees, Kid 2 hostel, Kid 2 pocket money, Medical add-on] @ http://localhost:8765/js/persistence.js?v=20260504000327:311
[ 1214700ms] [INFO] [persist] PULL got cloud snapshot with phases: [Base (no kids), Kid 1 at home, Kid 2 at home, Kid 1 college fees, Kid 1 hostel, Kid 1 pocket money, Kid 2 college fees, Kid 2 hostel, Kid 2 pocket money, Medical add-on] @ http://localhost:8765/js/persistence.js?v=20260504000327:311
[ 1215314ms] [INFO] [persist] PULL got cloud snapshot with phases: [Base (no kids), Kid 1 at home, Kid 2 at home, Kid 1 college fees, Kid 1 hostel, Kid 1 pocket money, Kid 2 college fees, Kid 2 hostel, Kid 2 pocket money, Medical add-on] @ http://localhost:8765/js/persistence.js?v=20260504000327:311
[ 1215672ms] [INFO] [persist] PULL got cloud snapshot with phases: [Base (no kids), Kid 1 at home, Kid 2 at home, Kid 1 college fees, Kid 1 hostel, Kid 1 pocket money, Kid 2 college fees, Kid 2 hostel, Kid 2 pocket money, Medical add-on] @ http://localhost:8765/js/persistence.js?v=20260504000327:311
[ 1248458ms] [INFO] [persist] PULL got cloud snapshot with phases: [Base (no kids), Kid 1 at home, Kid 2 at home, Kid 1 college fees, Kid 1 hostel, Kid 1 pocket money, Kid 2 college fees, Kid 2 hostel, Kid 2 pocket money, Medical add-on] @ http://localhost:8765/js/persistence.js?v=20260504000327:311
[ 1249345ms] [INFO] [persist] PULL got cloud snapshot with phases: [Base (no kids), Kid 1 at home, Kid 2 at home, Kid 1 college fees, Kid 1 hostel, Kid 1 pocket money, Kid 2 college fees, Kid 2 hostel, Kid 2 pocket money, Medical add-on] @ http://localhost:8765/js/persistence.js?v=20260504000327:311
[ 1249699ms] [INFO] [persist] PULL got cloud snapshot with phases: [Base (no kids), Kid 1 at home, Kid 2 at home, Kid 1 college fees, Kid 1 hostel, Kid 1 pocket money, Kid 2 college fees, Kid 2 hostel, Kid 2 pocket money, Medical add-on] @ http://localhost:8765/js/persistence.js?v=20260504000327:311
[ 1250232ms] [INFO] [persist] PULL got cloud snapshot with phases: [Base (no kids), Kid 1 at home, Kid 2 at home, Kid 1 college fees, Kid 1 hostel, Kid 1 pocket money, Kid 2 college fees, Kid 2 hostel, Kid 2 pocket money, Medical add-on] @ http://localhost:8765/js/persistence.js?v=20260504000327:311
[ 1341053ms] [INFO] [persistence] SDK ready, project: https://xjyebiztvfxgkounymfh.supabase.co hash present: true @ http://localhost:8765/js/persistence.js?v=20260504000620:653
[ 1341054ms] [INFO] [persistence] getSession result: SIGNED IN @ http://localhost:8765/js/persistence.js?v=20260504000620:657
[ 1341265ms] [WARNING] Canvas2D: Multiple readback operations using getImageData are faster with the willReadFrequently attribute set to true. See: https://html.spec.whatwg.org/multipage/canvas.html#concept-canvas-will-read-frequently @ http://localhost:8765/js/chart.js?v=20260504000620:459
[ 1341492ms] [INFO] [persist] PULL got cloud snapshot with phases: [Base (no kids), Kid 1 at home, Kid 2 at home, Kid 1 college fees, Kid 1 hostel, Kid 1 pocket money, Kid 2 college fees, Kid 2 hostel, Kid 2 pocket money, Medical add-on] @ http://localhost:8765/js/persistence.js?v=20260504000620:311
[ 1343093ms] [INFO] [persist] PULL got cloud snapshot with phases: [Base (no kids), Kid 1 at home, Kid 2 at home, Kid 1 college fees, Kid 1 hostel, Kid 1 pocket money, Kid 2 college fees, Kid 2 hostel, Kid 2 pocket money, Medical add-on] @ http://localhost:8765/js/persistence.js?v=20260504000620:311
[ 1344184ms] [INFO] [persist] PULL got cloud snapshot with phases: [Base (no kids), Kid 1 at home, Kid 2 at home, Kid 1 college fees, Kid 1 hostel, Kid 1 pocket money, Kid 2 college fees, Kid 2 hostel, Kid 2 pocket money, Medical add-on] @ http://localhost:8765/js/persistence.js?v=20260504000620:311
[ 1344866ms] [INFO] [persist] PULL got cloud snapshot with phases: [Base (no kids), Kid 1 at home, Kid 2 at home, Kid 1 college fees, Kid 1 hostel, Kid 1 pocket money, Kid 2 college fees, Kid 2 hostel, Kid 2 pocket money, Medical add-on] @ http://localhost:8765/js/persistence.js?v=20260504000620:311
[ 1345177ms] [INFO] [persist] PULL got cloud snapshot with phases: [Base (no kids), Kid 1 at home, Kid 2 at home, Kid 1 college fees, Kid 1 hostel, Kid 1 pocket money, Kid 2 college fees, Kid 2 hostel, Kid 2 pocket money, Medical add-on] @ http://localhost:8765/js/persistence.js?v=20260504000620:311
[ 1408161ms] [INFO] [persist] PULL got cloud snapshot with phases: [Base (no kids), Kid 1 at home, Kid 2 at home, Kid 1 college fees, Kid 1 hostel, Kid 1 pocket money, Kid 2 college fees, Kid 2 hostel, Kid 2 pocket money, Medical add-on] @ http://localhost:8765/js/persistence.js?v=20260504000620:311
[ 1409487ms] [INFO] [persist] PULL got cloud snapshot with phases: [Base (no kids), Kid 1 at home, Kid 2 at home, Kid 1 college fees, Kid 1 hostel, Kid 1 pocket money, Kid 2 college fees, Kid 2 hostel, Kid 2 pocket money, Medical add-on] @ http://localhost:8765/js/persistence.js?v=20260504000620:311
[ 1553287ms] ReferenceError: corpusText is not defined
    at RP.calculateDashboard (http://localhost:8765/js/calc-dashboard.js?v=20260504000952:93:30)
    at RP.calculateAll (http://localhost:8765/js/app.js?v=20260504000952:322:35)
    at HTMLDocument.<anonymous> (http://localhost:8765/js/app.js?v=20260504000952:518:8)
[ 1553322ms] [INFO] [persistence] SDK ready, project: https://xjyebiztvfxgkounymfh.supabase.co hash present: true @ http://localhost:8765/js/persistence.js?v=20260504000952:653
[ 1553332ms] [INFO] [persistence] getSession result: SIGNED IN @ http://localhost:8765/js/persistence.js?v=20260504000952:657
[ 1553549ms] [WARNING] calculateAll after rollup failed: ReferenceError: corpusText is not defined
    at RP.calculateDashboard (http://localhost:8765/js/calc-dashboard.js?v=20260504000952:93:30)
    at RP.calculateAll (http://localhost:8765/js/app.js?v=20260504000952:322:35)
    at RP._computeSavingsRollup (http://localhost:8765/js/calc-savings-rollup.js?v=20260504000952:51:22)
    at http://localhost:8765/js/calc-savings-rollup.js?v=20260504000952:66:22 @ http://localhost:8765/js/calc-savings-rollup.js?v=20260504000952:50
[ 1554144ms] [INFO] [persist] PULL got cloud snapshot with phases: [Base (no kids), Kid 1 at home, Kid 2 at home, Kid 1 college fees, Kid 1 hostel, Kid 1 pocket money, Kid 2 college fees, Kid 2 hostel, Kid 2 pocket money, Medical add-on] @ http://localhost:8765/js/persistence.js?v=20260504000952:311
[ 1554148ms] [WARNING] calculateAll after rollup failed: ReferenceError: corpusText is not defined
    at RP.calculateDashboard (http://localhost:8765/js/calc-dashboard.js?v=20260504000952:93:30)
    at RP.calculateAll (http://localhost:8765/js/app.js?v=20260504000952:322:35)
    at RP._computeSavingsRollup (http://localhost:8765/js/calc-savings-rollup.js?v=20260504000952:51:22)
    at restoreAppState (http://localhost:8765/js/persistence.js?v=20260504000952:242:60)
    at http://localhost:8765/js/persistence.js?v=20260504000952:313:9 @ http://localhost:8765/js/calc-savings-rollup.js?v=20260504000952:50
[ 1554152ms] [WARNING] Canvas2D: Multiple readback operations using getImageData are faster with the willReadFrequently attribute set to true. See: https://html.spec.whatwg.org/multipage/canvas.html#concept-canvas-will-read-frequently @ http://localhost:8765/js/chart.js?v=20260504000952:459
[ 1554159ms] [ERROR] [persistence] pull threw: ReferenceError: corpusText is not defined
    at RP.calculateDashboard (http://localhost:8765/js/calc-dashboard.js?v=20260504000952:93:30)
    at RP.calculateAll (http://localhost:8765/js/app.js?v=20260504000952:322:35)
    at restoreAppState (http://localhost:8765/js/persistence.js?v=20260504000952:243:51)
    at http://localhost:8765/js/persistence.js?v=20260504000952:313:9 @ http://localhost:8765/js/persistence.js?v=20260504000952:320
[ 1610564ms] [INFO] [persistence] SDK ready, project: https://xjyebiztvfxgkounymfh.supabase.co hash present: true @ http://localhost:8765/js/persistence.js?v=20260504001050:653
[ 1610660ms] [INFO] [persistence] getSession result: SIGNED IN @ http://localhost:8765/js/persistence.js?v=20260504001050:657
[ 1610835ms] [WARNING] Canvas2D: Multiple readback operations using getImageData are faster with the willReadFrequently attribute set to true. See: https://html.spec.whatwg.org/multipage/canvas.html#concept-canvas-will-read-frequently @ http://localhost:8765/js/chart.js?v=20260504001050:459
[ 1610931ms] [INFO] [persist] PULL got cloud snapshot with phases: [Base (no kids), Kid 1 at home, Kid 2 at home, Kid 1 college fees, Kid 1 hostel, Kid 1 pocket money, Kid 2 college fees, Kid 2 hostel, Kid 2 pocket money, Medical add-on] @ http://localhost:8765/js/persistence.js?v=20260504001050:311
[ 1778441ms] [INFO] [persistence] SDK ready, project: https://xjyebiztvfxgkounymfh.supabase.co hash present: true @ http://localhost:8765/js/persistence.js?v=20260504001339:653
[ 1778489ms] [INFO] [persistence] getSession result: SIGNED IN @ http://localhost:8765/js/persistence.js?v=20260504001339:657
[ 1778606ms] [WARNING] Canvas2D: Multiple readback operations using getImageData are faster with the willReadFrequently attribute set to true. See: https://html.spec.whatwg.org/multipage/canvas.html#concept-canvas-will-read-frequently @ http://localhost:8765/js/chart.js?v=20260504001339:459
[ 1778768ms] [INFO] [persist] PULL got cloud snapshot with phases: [Base (no kids), Kid 1 at home, Kid 2 at home, Kid 1 college fees, Kid 1 hostel, Kid 1 pocket money, Kid 2 college fees, Kid 2 hostel, Kid 2 pocket money, Medical add-on] @ http://localhost:8765/js/persistence.js?v=20260504001339:311
[79157611ms] [INFO] [persistence] SDK ready, project: https://xjyebiztvfxgkounymfh.supabase.co hash present: true @ http://localhost:8765/js/persistence.js?v=20260504214317:653
[79157616ms] [INFO] [persistence] getSession result: SIGNED IN @ http://localhost:8765/js/persistence.js?v=20260504214317:657
[79157768ms] [WARNING] Canvas2D: Multiple readback operations using getImageData are faster with the willReadFrequently attribute set to true. See: https://html.spec.whatwg.org/multipage/canvas.html#concept-canvas-will-read-frequently @ http://localhost:8765/js/chart.js?v=20260504214317:459
[79159010ms] [INFO] [persist] PULL got cloud snapshot with phases: [Base (no kids), Kid 1 at home, Kid 2 at home, Kid 1 college fees, Kid 1 hostel, Kid 1 pocket money, Kid 2 college fees, Kid 2 hostel, Kid 2 pocket money, Medical add-on] @ http://localhost:8765/js/persistence.js?v=20260504214317:311
[79430096ms] [INFO] [persist] PULL got cloud snapshot with phases: [Base (no kids), Kid 1 at home, Kid 2 at home, Kid 1 college fees, Kid 1 hostel, Kid 1 pocket money, Kid 2 college fees, Kid 2 hostel, Kid 2 pocket money, Medical add-on] @ http://localhost:8765/js/persistence.js?v=20260504214317:311
[79430579ms] [INFO] [persist] PULL got cloud snapshot with phases: [Base (no kids), Kid 1 at home, Kid 2 at home, Kid 1 college fees, Kid 1 hostel, Kid 1 pocket money, Kid 2 college fees, Kid 2 hostel, Kid 2 pocket money, Medical add-on] @ http://localhost:8765/js/persistence.js?v=20260504214317:311
[79430890ms] [INFO] [persist] PULL got cloud snapshot with phases: [Base (no kids), Kid 1 at home, Kid 2 at home, Kid 1 college fees, Kid 1 hostel, Kid 1 pocket money, Kid 2 college fees, Kid 2 hostel, Kid 2 pocket money, Medical add-on] @ http://localhost:8765/js/persistence.js?v=20260504214317:311
[79431210ms] [INFO] [persist] PULL got cloud snapshot with phases: [Base (no kids), Kid 1 at home, Kid 2 at home, Kid 1 college fees, Kid 1 hostel, Kid 1 pocket money, Kid 2 college fees, Kid 2 hostel, Kid 2 pocket money, Medical add-on] @ http://localhost:8765/js/persistence.js?v=20260504214317:311
[79558545ms] [INFO] [persist] PUSH STARTING with phases: [Base (no kids), Kid 1 at home, Kid 2 at home, Kid 1 college fees, Kid 1 hostel, Kid 1 pocket money, Kid 2 college fees, Kid 2 hostel, Kid 2 pocket money, Medical add-on] @ http://localhost:8765/js/persistence.js?v=20260504214317:350
[79558995ms] [INFO] [persist] PUSH OK with phases: [Base (no kids), Kid 1 at home, Kid 2 at home, Kid 1 college fees, Kid 1 hostel, Kid 1 pocket money, Kid 2 college fees, Kid 2 hostel, Kid 2 pocket money, Medical add-on] @ http://localhost:8765/js/persistence.js?v=20260504214317:368
[79572050ms] [INFO] [persist] PUSH STARTING with phases: [Base (no kids), Kid 1 at home, Kid 2 at home, Kid 1 college fees, Kid 1 hostel, Kid 1 pocket money, Kid 2 college fees, Kid 2 hostel, Kid 2 pocket money, Medical add-on] @ http://localhost:8765/js/persistence.js?v=20260504214317:350
[79572178ms] [INFO] [persist] PUSH OK with phases: [Base (no kids), Kid 1 at home, Kid 2 at home, Kid 1 college fees, Kid 1 hostel, Kid 1 pocket money, Kid 2 college fees, Kid 2 hostel, Kid 2 pocket money, Medical add-on] @ http://localhost:8765/js/persistence.js?v=20260504214317:368
[79625235ms] [INFO] [persist] PULL got cloud snapshot with phases: [Base (no kids), Kid 1 at home, Kid 2 at home, Kid 1 college fees, Kid 1 hostel, Kid 1 pocket money, Kid 2 college fees, Kid 2 hostel, Kid 2 pocket money, Medical add-on] @ http://localhost:8765/js/persistence.js?v=20260504214317:311
[79893091ms] [INFO] [persist] PULL got cloud snapshot with phases: [Base (no kids), Kid 1 at home, Kid 2 at home, Kid 1 college fees, Kid 1 hostel, Kid 1 pocket money, Kid 2 college fees, Kid 2 hostel, Kid 2 pocket money, Medical add-on] @ http://localhost:8765/js/persistence.js?v=20260504214317:311
[79907794ms] [INFO] [persist] PUSH STARTING with phases: [Base (no kids), Kid 1 at home, Kid 2 at home, Kid 1 college fees, Kid 1 hostel, Kid 1 pocket money, Kid 2 college fees, Kid 2 hostel, Kid 2 pocket money, Medical add-on] @ http://localhost:8765/js/persistence.js?v=20260504214317:350
[79907915ms] [INFO] [persist] PUSH OK with phases: [Base (no kids), Kid 1 at home, Kid 2 at home, Kid 1 college fees, Kid 1 hostel, Kid 1 pocket money, Kid 2 college fees, Kid 2 hostel, Kid 2 pocket money, Medical add-on] @ http://localhost:8765/js/persistence.js?v=20260504214317:368
[80771085ms] [INFO] [persist] PULL got cloud snapshot with phases: [Base (no kids), Kid 1 at home, Kid 2 at home, Kid 1 college fees, Kid 1 hostel, Kid 1 pocket money, Kid 2 college fees, Kid 2 hostel, Kid 2 pocket money, Medical add-on] @ http://localhost:8765/js/persistence.js?v=20260504214317:311
[81153674ms] [INFO] [persist] PULL got cloud snapshot with phases: [Base (no kids), Kid 1 at home, Kid 2 at home, Kid 1 college fees, Kid 1 hostel, Kid 1 pocket money, Kid 2 college fees, Kid 2 hostel, Kid 2 pocket money, Medical add-on] @ http://localhost:8765/js/persistence.js?v=20260504214317:311
[81154249ms] [INFO] [persist] PULL got cloud snapshot with phases: [Base (no kids), Kid 1 at home, Kid 2 at home, Kid 1 college fees, Kid 1 hostel, Kid 1 pocket money, Kid 2 college fees, Kid 2 hostel, Kid 2 pocket money, Medical add-on] @ http://localhost:8765/js/persistence.js?v=20260504214317:311
[81154576ms] [INFO] [persist] PULL got cloud snapshot with phases: [Base (no kids), Kid 1 at home, Kid 2 at home, Kid 1 college fees, Kid 1 hostel, Kid 1 pocket money, Kid 2 college fees, Kid 2 hostel, Kid 2 pocket money, Medical add-on] @ http://localhost:8765/js/persistence.js?v=20260504214317:311
[81233747ms] [INFO] [persistence] SDK ready, project: https://xjyebiztvfxgkounymfh.supabase.co hash present: true @ http://localhost:8765/js/persistence.js?v=20260504221750:653
[81233755ms] [INFO] [persistence] getSession result: SIGNED IN @ http://localhost:8765/js/persistence.js?v=20260504221750:657
[81233986ms] [WARNING] Canvas2D: Multiple readback operations using getImageData are faster with the willReadFrequently attribute set to true. See: https://html.spec.whatwg.org/multipage/canvas.html#concept-canvas-will-read-frequently @ http://localhost:8765/js/chart.js?v=20260504221750:459
[81234207ms] [INFO] [persist] PULL got cloud snapshot with phases: [Base (no kids), Kid 1 at home, Kid 2 at home, Kid 1 college fees, Kid 1 hostel, Kid 1 pocket money, Kid 2 college fees, Kid 2 hostel, Kid 2 pocket money, Medical add-on] @ http://localhost:8765/js/persistence.js?v=20260504221750:311
