[ 2809150ms] [ERROR] Failed to load resource: net::ERR_TIMED_OUT @ https://hackathon-game-builder.internal.latest.acvauctions.com/api/stats:0
[ 4701687ms] [ERROR] Failed to load resource: net::ERR_TIMED_OUT @ https://hackathon-game-builder.internal.latest.acvauctions.com/api/stats:0
[ 4701688ms] [ERROR] Failed to load resource: net::ERR_TIMED_OUT @ https://hackathon-game-builder.internal.latest.acvauctions.com/api/stats:0
[ 4701689ms] [ERROR] Failed to load resource: net::ERR_TIMED_OUT @ https://hackathon-game-builder.internal.latest.acvauctions.com/api/stats:0
[ 5634597ms] [ERROR] Failed to load resource: net::ERR_TIMED_OUT @ https://hackathon-game-builder.internal.latest.acvauctions.com/api/stats:0
[ 5660762ms] [ERROR] Failed to load resource: net::ERR_TIMED_OUT @ https://hackathon-game-builder.internal.latest.acvauctions.com/api/stats:0
[ 6595511ms] [ERROR] Failed to load resource: net::ERR_TIMED_OUT @ https://hackathon-game-builder.internal.latest.acvauctions.com/api/stats:0
[ 8492070ms] [ERROR] Failed to load resource: net::ERR_TIMED_OUT @ https://hackathon-game-builder.internal.latest.acvauctions.com/api/stats:0
[ 8492071ms] [ERROR] Failed to load resource: net::ERR_TIMED_OUT @ https://hackathon-game-builder.internal.latest.acvauctions.com/api/stats:0
[ 8510834ms] [ERROR] Failed to load resource: net::ERR_TIMED_OUT @ https://hackathon-game-builder.internal.latest.acvauctions.com/api/stats:0
[10034829ms] [ERROR] Failed to load resource: net::ERR_TIMED_OUT @ https://hackathon-game-builder.internal.latest.acvauctions.com/api/stats:0
[10035134ms] [ERROR] Failed to load resource: net::ERR_TIMED_OUT @ https://hackathon-game-builder.internal.latest.acvauctions.com/api/stats:0
[10054934ms] [ERROR] Failed to load resource: net::ERR_TIMED_OUT @ https://hackathon-game-builder.internal.latest.acvauctions.com/api/stats:0
[10990661ms] [ERROR] Failed to load resource: net::ERR_TIMED_OUT @ https://hackathon-game-builder.internal.latest.acvauctions.com/api/stats:0
[11915798ms] [ERROR] Failed to load resource: net::ERR_TIMED_OUT @ https://hackathon-game-builder.internal.latest.acvauctions.com/api/stats:0
[11947012ms] [ERROR] Failed to load resource: net::ERR_TIMED_OUT @ https://hackathon-game-builder.internal.latest.acvauctions.com/api/stats:0
[12885237ms] [ERROR] Failed to load resource: net::ERR_TIMED_OUT @ https://hackathon-game-builder.internal.latest.acvauctions.com/api/stats:0
[13806362ms] [ERROR] Failed to load resource: net::ERR_TIMED_OUT @ https://hackathon-game-builder.internal.latest.acvauctions.com/api/stats:0
[13835808ms] [ERROR] Failed to load resource: net::ERR_TIMED_OUT @ https://hackathon-game-builder.internal.latest.acvauctions.com/api/stats:0
[14767028ms] [ERROR] Failed to load resource: net::ERR_TIMED_OUT @ https://hackathon-game-builder.internal.latest.acvauctions.com/api/stats:0
[14797375ms] [ERROR] Failed to load resource: net::ERR_TIMED_OUT @ https://hackathon-game-builder.internal.latest.acvauctions.com/api/stats:0
[15725958ms] [ERROR] Failed to load resource: net::ERR_TIMED_OUT @ https://hackathon-game-builder.internal.latest.acvauctions.com/api/stats:0
[16674622ms] [ERROR] Failed to load resource: net::ERR_TIMED_OUT @ https://hackathon-game-builder.internal.latest.acvauctions.com/api/stats:0
[16686229ms] [ERROR] Failed to load resource: net::ERR_TIMED_OUT @ https://hackathon-game-builder.internal.latest.acvauctions.com/api/stats:0
[17621510ms] [ERROR] Failed to load resource: net::ERR_TIMED_OUT @ https://hackathon-game-builder.internal.latest.acvauctions.com/api/stats:0
[19535684ms] [ERROR] Failed to load resource: net::ERR_NAME_NOT_RESOLVED @ https://hackathon-game-builder.internal.latest.acvauctions.com/api/stats:0
[19535685ms] [ERROR] Failed to load resource: net::ERR_NAME_NOT_RESOLVED @ https://hackathon-game-builder.internal.latest.acvauctions.com/api/stats:0
[19535691ms] [ERROR] Failed to load resource: net::ERR_NAME_NOT_RESOLVED @ https://hackathon-game-builder.internal.latest.acvauctions.com/api/stats:0
[19535732ms] [ERROR] Failed to load resource: net::ERR_NAME_NOT_RESOLVED @ https://hackathon-game-builder.internal.latest.acvauctions.com/api/stats:0
[19984654ms] [ERROR] Failed to load resource: net::ERR_TIMED_OUT @ https://hackathon-game-builder.internal.latest.acvauctions.com/api/stats:0
[20912870ms] [ERROR] Failed to load resource: net::ERR_TIMED_OUT @ https://hackathon-game-builder.internal.latest.acvauctions.com/api/stats:0
[20944121ms] [ERROR] Failed to load resource: net::ERR_TIMED_OUT @ https://hackathon-game-builder.internal.latest.acvauctions.com/api/stats:0
[20948314ms] [ERROR] Failed to load resource: net::ERR_DNS_NO_MATCHING_SUPPORTED_ALPN @ https://hackathon-game-builder.internal.latest.acvauctions.com/api/stats:0
[22832753ms] [ERROR] Failed to load resource: net::ERR_TIMED_OUT @ https://hackathon-game-builder.internal.latest.acvauctions.com/api/stats:0
[22833058ms] [ERROR] Failed to load resource: net::ERR_TIMED_OUT @ https://hackathon-game-builder.internal.latest.acvauctions.com/api/stats:0
[24314279ms] [ERROR] Failed to load resource: net::ERR_TIMED_OUT @ https://hackathon-game-builder.internal.latest.acvauctions.com/api/stats:0
[24314602ms] [ERROR] Failed to load resource: net::ERR_TIMED_OUT @ https://hackathon-game-builder.internal.latest.acvauctions.com/api/stats:0
[24314610ms] [ERROR] Failed to load resource: net::ERR_TIMED_OUT @ https://hackathon-game-builder.internal.latest.acvauctions.com/api/stats:0
[25239286ms] [ERROR] Failed to load resource: net::ERR_TIMED_OUT @ https://hackathon-game-builder.internal.latest.acvauctions.com/api/stats:0
[25264255ms] [ERROR] Failed to load resource: net::ERR_TIMED_OUT @ https://hackathon-game-builder.internal.latest.acvauctions.com/api/stats:0
[26195412ms] [ERROR] Failed to load resource: net::ERR_TIMED_OUT @ https://hackathon-game-builder.internal.latest.acvauctions.com/api/stats:0
[26224296ms] [ERROR] Failed to load resource: net::ERR_NAME_NOT_RESOLVED @ https://hackathon-game-builder.internal.latest.acvauctions.com/api/stats:0
[26224297ms] [ERROR] Failed to load resource: net::ERR_NAME_NOT_RESOLVED @ https://hackathon-game-builder.internal.latest.acvauctions.com/api/stats:0
[28106147ms] [ERROR] Failed to load resource: net::ERR_TIMED_OUT @ https://hackathon-game-builder.internal.latest.acvauctions.com/api/stats:0
[28117183ms] [ERROR] Failed to load resource: net::ERR_TIMED_OUT @ https://hackathon-game-builder.internal.latest.acvauctions.com/api/stats:0
[29075204ms] [ERROR] Failed to load resource: net::ERR_NAME_NOT_RESOLVED @ https://hackathon-game-builder.internal.latest.acvauctions.com/api/stats:0
[31571028ms] [ERROR] Failed to load resource: net::ERR_TIMED_OUT @ https://hackathon-game-builder.internal.latest.acvauctions.com/api/stats:0
[31571030ms] [ERROR] Failed to load resource: net::ERR_TIMED_OUT @ https://hackathon-game-builder.internal.latest.acvauctions.com/api/stats:0
[31585996ms] [ERROR] Failed to load resource: net::ERR_TIMED_OUT @ https://hackathon-game-builder.internal.latest.acvauctions.com/api/stats:0
[33472496ms] [ERROR] Failed to load resource: net::ERR_TIMED_OUT @ https://hackathon-game-builder.internal.latest.acvauctions.com/api/stats:0
[33475685ms] [ERROR] Failed to load resource: net::ERR_TIMED_OUT @ https://hackathon-game-builder.internal.latest.acvauctions.com/api/stats:0
[34406408ms] [ERROR] Failed to load resource: net::ERR_TIMED_OUT @ https://hackathon-game-builder.internal.latest.acvauctions.com/api/stats:0
[34435285ms] [ERROR] Failed to load resource: net::ERR_NAME_NOT_RESOLVED @ https://hackathon-game-builder.internal.latest.acvauctions.com/api/stats:0
[35234336ms] [ERROR] Failed to load resource: net::ERR_TIMED_OUT @ https://hackathon-game-builder.internal.latest.acvauctions.com/api/stats:0
[37070601ms] [ERROR] Failed to load resource: net::ERR_CONNECTION_CLOSED @ https://hackathon-game-builder.internal.latest.acvauctions.com/api/stats:0
[37070601ms] [ERROR] Failed to load resource: net::ERR_CONNECTION_CLOSED @ https://hackathon-game-builder.internal.latest.acvauctions.com/api/stats:0
[37116085ms] [ERROR] Failed to load resource: the server responded with a status of 403 () @ https://hackathon-game-builder.internal.latest.acvauctions.com/api/stats:0
[37319349ms] [ERROR] Failed to load resource: the server responded with a status of 403 () @ https://hackathon-game-builder.internal.latest.acvauctions.com/api/stats:0
[37336475ms] [ERROR] Failed to load resource: the server responded with a status of 403 () @ https://hackathon-game-builder.internal.latest.acvauctions.com/api/stats:0
[37366455ms] [ERROR] Failed to load resource: the server responded with a status of 403 () @ https://hackathon-game-builder.internal.latest.acvauctions.com/api/stats:0
[37396474ms] [ERROR] Failed to load resource: the server responded with a status of 403 () @ https://hackathon-game-builder.internal.latest.acvauctions.com/api/stats:0
[37426461ms] [ERROR] Failed to load resource: the server responded with a status of 403 () @ https://hackathon-game-builder.internal.latest.acvauctions.com/api/stats:0
[37456464ms] [ERROR] Failed to load resource: the server responded with a status of 403 () @ https://hackathon-game-builder.internal.latest.acvauctions.com/api/stats:0
[37486469ms] [ERROR] Failed to load resource: the server responded with a status of 403 () @ https://hackathon-game-builder.internal.latest.acvauctions.com/api/stats:0
[37516541ms] [ERROR] Failed to load resource: the server responded with a status of 403 () @ https://hackathon-game-builder.internal.latest.acvauctions.com/api/stats:0
[37546455ms] [ERROR] Failed to load resource: the server responded with a status of 403 () @ https://hackathon-game-builder.internal.latest.acvauctions.com/api/stats:0
[37576459ms] [ERROR] Failed to load resource: the server responded with a status of 403 () @ https://hackathon-game-builder.internal.latest.acvauctions.com/api/stats:0
[37606479ms] [ERROR] Failed to load resource: the server responded with a status of 403 () @ https://hackathon-game-builder.internal.latest.acvauctions.com/api/stats:0
[37636458ms] [ERROR] Failed to load resource: the server responded with a status of 403 () @ https://hackathon-game-builder.internal.latest.acvauctions.com/api/stats:0
[37666613ms] [ERROR] Failed to load resource: the server responded with a status of 403 () @ https://hackathon-game-builder.internal.latest.acvauctions.com/api/stats:0
[37696629ms] [ERROR] Failed to load resource: the server responded with a status of 403 () @ https://hackathon-game-builder.internal.latest.acvauctions.com/api/stats:0
[37726474ms] [ERROR] Failed to load resource: the server responded with a status of 403 () @ https://hackathon-game-builder.internal.latest.acvauctions.com/api/stats:0
[37756456ms] [ERROR] Failed to load resource: the server responded with a status of 403 () @ https://hackathon-game-builder.internal.latest.acvauctions.com/api/stats:0
[37786455ms] [ERROR] Failed to load resource: the server responded with a status of 403 () @ https://hackathon-game-builder.internal.latest.acvauctions.com/api/stats:0
[37816453ms] [ERROR] Failed to load resource: the server responded with a status of 403 () @ https://hackathon-game-builder.internal.latest.acvauctions.com/api/stats:0
[37846461ms] [ERROR] Failed to load resource: the server responded with a status of 403 () @ https://hackathon-game-builder.internal.latest.acvauctions.com/api/stats:0
[37876456ms] [ERROR] Failed to load resource: the server responded with a status of 403 () @ https://hackathon-game-builder.internal.latest.acvauctions.com/api/stats:0
[37906454ms] [ERROR] Failed to load resource: the server responded with a status of 403 () @ https://hackathon-game-builder.internal.latest.acvauctions.com/api/stats:0
[37936454ms] [ERROR] Failed to load resource: the server responded with a status of 403 () @ https://hackathon-game-builder.internal.latest.acvauctions.com/api/stats:0
[37966454ms] [ERROR] Failed to load resource: the server responded with a status of 403 () @ https://hackathon-game-builder.internal.latest.acvauctions.com/api/stats:0
