[      81ms] [INFO] [persistence] SDK ready, project: https://xjyebiztvfxgkounymfh.supabase.co hash present: true @ http://localhost:8765/js/persistence.js?v=20260504223713:653
[      83ms] [INFO] [persistence] getSession result: SIGNED IN @ http://localhost:8765/js/persistence.js?v=20260504223713:657
[     285ms] [INFO] [persist] PULL got cloud snapshot with phases: [Base (no kids), Kid 1 at home, Kid 2 at home, Kid 1 college fees, Kid 1 hostel, Kid 1 pocket money, Kid 2 college fees, Kid 2 hostel, Kid 2 pocket money, Medical add-on] @ http://localhost:8765/js/persistence.js?v=20260504223713:311
[     293ms] [WARNING] Canvas2D: Multiple readback operations using getImageData are faster with the willReadFrequently attribute set to true. See: https://html.spec.whatwg.org/multipage/canvas.html#concept-canvas-will-read-frequently @ http://localhost:8765/js/chart.js?v=20260504223713:459
[   75335ms] [INFO] [persistence] SDK ready, project: https://xjyebiztvfxgkounymfh.supabase.co hash present: true @ http://localhost:8765/js/persistence.js?v=20260504223839:653
[   75338ms] [INFO] [persistence] getSession result: SIGNED IN @ http://localhost:8765/js/persistence.js?v=20260504223839:657
[   75545ms] [WARNING] Canvas2D: Multiple readback operations using getImageData are faster with the willReadFrequently attribute set to true. See: https://html.spec.whatwg.org/multipage/canvas.html#concept-canvas-will-read-frequently @ http://localhost:8765/js/chart.js?v=20260504223839:459
[   75643ms] [INFO] [persist] PULL got cloud snapshot with phases: [Base (no kids), Kid 1 at home, Kid 2 at home, Kid 1 college fees, Kid 1 hostel, Kid 1 pocket money, Kid 2 college fees, Kid 2 hostel, Kid 2 pocket money, Medical add-on] @ http://localhost:8765/js/persistence.js?v=20260504223839:311
[  303596ms] [INFO] [persistence] SDK ready, project: https://xjyebiztvfxgkounymfh.supabase.co hash present: true @ http://localhost:8765/js/persistence.js?v=20260504224225:653
[  303599ms] [INFO] [persistence] getSession result: SIGNED IN @ http://localhost:8765/js/persistence.js?v=20260504224225:657
[  303807ms] [WARNING] Canvas2D: Multiple readback operations using getImageData are faster with the willReadFrequently attribute set to true. See: https://html.spec.whatwg.org/multipage/canvas.html#concept-canvas-will-read-frequently @ http://localhost:8765/js/chart.js?v=20260504224225:459
[  304757ms] [INFO] [persist] PULL got cloud snapshot with phases: [Base (no kids), Kid 1 at home, Kid 2 at home, Kid 1 college fees, Kid 1 hostel, Kid 1 pocket money, Kid 2 college fees, Kid 2 hostel, Kid 2 pocket money, Medical add-on] @ http://localhost:8765/js/persistence.js?v=20260504224225:311
[  392136ms] [INFO] [persist] PULL got cloud snapshot with phases: [Base (no kids), Kid 1 at home, Kid 2 at home, Kid 1 college fees, Kid 1 hostel, Kid 1 pocket money, Kid 2 college fees, Kid 2 hostel, Kid 2 pocket money, Medical add-on] @ http://localhost:8765/js/persistence.js?v=20260504224225:311
[  797127ms] [INFO] [persist] PULL got cloud snapshot with phases: [Base (no kids), Kid 1 at home, Kid 2 at home, Kid 1 college fees, Kid 1 hostel, Kid 1 pocket money, Kid 2 college fees, Kid 2 hostel, Kid 2 pocket money, Medical add-on] @ http://localhost:8765/js/persistence.js?v=20260504224225:311
[  846322ms] [INFO] [persistence] SDK ready, project: https://xjyebiztvfxgkounymfh.supabase.co hash present: true @ http://localhost:8765/js/persistence.js?v=20260504225130:653
[  846390ms] [INFO] [persistence] getSession result: SIGNED IN @ http://localhost:8765/js/persistence.js?v=20260504225130:657
[  846507ms] [INFO] [persist] PULL got cloud snapshot with phases: [Base (no kids), Kid 1 at home, Kid 2 at home, Kid 1 college fees, Kid 1 hostel, Kid 1 pocket money, Kid 2 college fees, Kid 2 hostel, Kid 2 pocket money, Medical add-on] @ http://localhost:8765/js/persistence.js?v=20260504225130:311
[  846517ms] [WARNING] Canvas2D: Multiple readback operations using getImageData are faster with the willReadFrequently attribute set to true. See: https://html.spec.whatwg.org/multipage/canvas.html#concept-canvas-will-read-frequently @ http://localhost:8765/js/chart.js?v=20260504225130:459
[  897100ms] [INFO] [persist] PULL got cloud snapshot with phases: [Base (no kids), Kid 1 at home, Kid 2 at home, Kid 1 college fees, Kid 1 hostel, Kid 1 pocket money, Kid 2 college fees, Kid 2 hostel, Kid 2 pocket money, Medical add-on] @ http://localhost:8765/js/persistence.js?v=20260504225130:311
[  899246ms] [INFO] [persist] PULL got cloud snapshot with phases: [Base (no kids), Kid 1 at home, Kid 2 at home, Kid 1 college fees, Kid 1 hostel, Kid 1 pocket money, Kid 2 college fees, Kid 2 hostel, Kid 2 pocket money, Medical add-on] @ http://localhost:8765/js/persistence.js?v=20260504225130:311
[ 1059322ms] [INFO] [persistence] SDK ready, project: https://xjyebiztvfxgkounymfh.supabase.co hash present: true @ http://localhost:8765/js/persistence.js?v=20260504225503:653
[ 1059325ms] [INFO] [persistence] getSession result: SIGNED IN @ http://localhost:8765/js/persistence.js?v=20260504225503:657
[ 1059531ms] [WARNING] Canvas2D: Multiple readback operations using getImageData are faster with the willReadFrequently attribute set to true. See: https://html.spec.whatwg.org/multipage/canvas.html#concept-canvas-will-read-frequently @ http://localhost:8765/js/chart.js?v=20260504225503:459
[ 1059819ms] [INFO] [persist] PULL got cloud snapshot with phases: [Base (no kids), Kid 1 at home, Kid 2 at home, Kid 1 college fees, Kid 1 hostel, Kid 1 pocket money, Kid 2 college fees, Kid 2 hostel, Kid 2 pocket money, Medical add-on] @ http://localhost:8765/js/persistence.js?v=20260504225503:311
[ 1096421ms] [INFO] [persist] PULL got cloud snapshot with phases: [Base (no kids), Kid 1 at home, Kid 2 at home, Kid 1 college fees, Kid 1 hostel, Kid 1 pocket money, Kid 2 college fees, Kid 2 hostel, Kid 2 pocket money, Medical add-on] @ http://localhost:8765/js/persistence.js?v=20260504225503:311
[ 1298123ms] [INFO] [persist] PULL got cloud snapshot with phases: [Base (no kids), Kid 1 at home, Kid 2 at home, Kid 1 college fees, Kid 1 hostel, Kid 1 pocket money, Kid 2 college fees, Kid 2 hostel, Kid 2 pocket money, Medical add-on] @ http://localhost:8765/js/persistence.js?v=20260504225503:311
[ 1385979ms] [INFO] [persist] PULL got cloud snapshot with phases: [Base (no kids), Kid 1 at home, Kid 2 at home, Kid 1 college fees, Kid 1 hostel, Kid 1 pocket money, Kid 2 college fees, Kid 2 hostel, Kid 2 pocket money, Medical add-on] @ http://localhost:8765/js/persistence.js?v=20260504225503:311
[ 1387424ms] [INFO] [persist] PULL got cloud snapshot with phases: [Base (no kids), Kid 1 at home, Kid 2 at home, Kid 1 college fees, Kid 1 hostel, Kid 1 pocket money, Kid 2 college fees, Kid 2 hostel, Kid 2 pocket money, Medical add-on] @ http://localhost:8765/js/persistence.js?v=20260504225503:311
[ 1389116ms] [INFO] [persist] PULL got cloud snapshot with phases: [Base (no kids), Kid 1 at home, Kid 2 at home, Kid 1 college fees, Kid 1 hostel, Kid 1 pocket money, Kid 2 college fees, Kid 2 hostel, Kid 2 pocket money, Medical add-on] @ http://localhost:8765/js/persistence.js?v=20260504225503:311
[ 1447867ms] [INFO] [persistence] SDK ready, project: https://xjyebiztvfxgkounymfh.supabase.co hash present: true @ http://localhost:8765/js/persistence.js?v=20260504230131:653
[ 1447869ms] [INFO] [persistence] getSession result: SIGNED IN @ http://localhost:8765/js/persistence.js?v=20260504230131:657
[ 1448075ms] [WARNING] Canvas2D: Multiple readback operations using getImageData are faster with the willReadFrequently attribute set to true. See: https://html.spec.whatwg.org/multipage/canvas.html#concept-canvas-will-read-frequently @ http://localhost:8765/js/chart.js?v=20260504230131:459
[ 1449499ms] [INFO] [persist] PULL got cloud snapshot with phases: [Base (no kids), Kid 1 at home, Kid 2 at home, Kid 1 college fees, Kid 1 hostel, Kid 1 pocket money, Kid 2 college fees, Kid 2 hostel, Kid 2 pocket money, Medical add-on] @ http://localhost:8765/js/persistence.js?v=20260504230131:311
[ 1457682ms] [INFO] [persist] PULL got cloud snapshot with phases: [Base (no kids), Kid 1 at home, Kid 2 at home, Kid 1 college fees, Kid 1 hostel, Kid 1 pocket money, Kid 2 college fees, Kid 2 hostel, Kid 2 pocket money, Medical add-on] @ http://localhost:8765/js/persistence.js?v=20260504230131:311
[ 1459275ms] [INFO] [persist] PULL got cloud snapshot with phases: [Base (no kids), Kid 1 at home, Kid 2 at home, Kid 1 college fees, Kid 1 hostel, Kid 1 pocket money, Kid 2 college fees, Kid 2 hostel, Kid 2 pocket money, Medical add-on] @ http://localhost:8765/js/persistence.js?v=20260504230131:311
[ 1880219ms] [INFO] [persistence] SDK ready, project: https://xjyebiztvfxgkounymfh.supabase.co hash present: true @ http://localhost:8765/js/persistence.js?v=20260504230842:653
[ 1880221ms] [INFO] [persistence] getSession result: SIGNED IN @ http://localhost:8765/js/persistence.js?v=20260504230842:657
[ 1880411ms] [WARNING] Canvas2D: Multiple readback operations using getImageData are faster with the willReadFrequently attribute set to true. See: https://html.spec.whatwg.org/multipage/canvas.html#concept-canvas-will-read-frequently @ http://localhost:8765/js/chart.js?v=20260504230842:459
[ 1882823ms] [INFO] [persist] PULL got cloud snapshot with phases: [Base (no kids), Kid 1 at home, Kid 2 at home, Kid 1 college fees, Kid 1 hostel, Kid 1 pocket money, Kid 2 college fees, Kid 2 hostel, Kid 2 pocket money, Medical add-on] @ http://localhost:8765/js/persistence.js?v=20260504230842:311
[ 1897639ms] [INFO] [persist] PULL got cloud snapshot with phases: [Base (no kids), Kid 1 at home, Kid 2 at home, Kid 1 college fees, Kid 1 hostel, Kid 1 pocket money, Kid 2 college fees, Kid 2 hostel, Kid 2 pocket money, Medical add-on] @ http://localhost:8765/js/persistence.js?v=20260504230842:311
[ 1900222ms] [INFO] [persist] PULL got cloud snapshot with phases: [Base (no kids), Kid 1 at home, Kid 2 at home, Kid 1 college fees, Kid 1 hostel, Kid 1 pocket money, Kid 2 college fees, Kid 2 hostel, Kid 2 pocket money, Medical add-on] @ http://localhost:8765/js/persistence.js?v=20260504230842:311
[ 1980858ms] [INFO] [persist] saveTrackerToStorage fired — pushing @ http://localhost:8765/js/persistence.js?v=20260504230842:573
[ 1980859ms] [INFO] [persist] PUSH STARTING with phases: [Base (no kids), Kid 1 at home, Kid 2 at home, Kid 1 college fees, Kid 1 hostel, Kid 1 pocket money, Kid 2 college fees, Kid 2 hostel, Kid 2 pocket money, Medical add-on] @ http://localhost:8765/js/persistence.js?v=20260504230842:350
[ 1981561ms] [INFO] [persist] PUSH OK with phases: [Base (no kids), Kid 1 at home, Kid 2 at home, Kid 1 college fees, Kid 1 hostel, Kid 1 pocket money, Kid 2 college fees, Kid 2 hostel, Kid 2 pocket money, Medical add-on] @ http://localhost:8765/js/persistence.js?v=20260504230842:368
[ 1981642ms] [INFO] [persist] PUSH STARTING with phases: [Base (no kids), Kid 1 at home, Kid 2 at home, Kid 1 college fees, Kid 1 hostel, Kid 1 pocket money, Kid 2 college fees, Kid 2 hostel, Kid 2 pocket money, Medical add-on] @ http://localhost:8765/js/persistence.js?v=20260504230842:350
[ 1981809ms] [INFO] [persist] PUSH OK with phases: [Base (no kids), Kid 1 at home, Kid 2 at home, Kid 1 college fees, Kid 1 hostel, Kid 1 pocket money, Kid 2 college fees, Kid 2 hostel, Kid 2 pocket money, Medical add-on] @ http://localhost:8765/js/persistence.js?v=20260504230842:368
[ 1982376ms] [INFO] [persist] saveTrackerToStorage fired — pushing @ http://localhost:8765/js/persistence.js?v=20260504230842:573
[ 1982376ms] [INFO] [persist] PUSH STARTING with phases: [Base (no kids), Kid 1 at home, Kid 2 at home, Kid 1 college fees, Kid 1 hostel, Kid 1 pocket money, Kid 2 college fees, Kid 2 hostel, Kid 2 pocket money, Medical add-on] @ http://localhost:8765/js/persistence.js?v=20260504230842:350
[ 1982480ms] [INFO] [persist] PUSH OK with phases: [Base (no kids), Kid 1 at home, Kid 2 at home, Kid 1 college fees, Kid 1 hostel, Kid 1 pocket money, Kid 2 college fees, Kid 2 hostel, Kid 2 pocket money, Medical add-on] @ http://localhost:8765/js/persistence.js?v=20260504230842:368
[ 1983163ms] [INFO] [persist] PUSH STARTING with phases: [Base (no kids), Kid 1 at home, Kid 2 at home, Kid 1 college fees, Kid 1 hostel, Kid 1 pocket money, Kid 2 college fees, Kid 2 hostel, Kid 2 pocket money, Medical add-on] @ http://localhost:8765/js/persistence.js?v=20260504230842:350
[ 1983268ms] [INFO] [persist] PUSH OK with phases: [Base (no kids), Kid 1 at home, Kid 2 at home, Kid 1 college fees, Kid 1 hostel, Kid 1 pocket money, Kid 2 college fees, Kid 2 hostel, Kid 2 pocket money, Medical add-on] @ http://localhost:8765/js/persistence.js?v=20260504230842:368
[ 2000042ms] [INFO] [persist] saveTrackerToStorage fired — pushing @ http://localhost:8765/js/persistence.js?v=20260504230842:573
[ 2000042ms] [INFO] [persist] PUSH STARTING with phases: [Base (no kids), Kid 1 at home, Kid 2 at home, Kid 1 college fees, Kid 1 hostel, Kid 1 pocket money, Kid 2 college fees, Kid 2 hostel, Kid 2 pocket money, Medical add-on] @ http://localhost:8765/js/persistence.js?v=20260504230842:350
[ 2000155ms] [INFO] [persist] PUSH OK with phases: [Base (no kids), Kid 1 at home, Kid 2 at home, Kid 1 college fees, Kid 1 hostel, Kid 1 pocket money, Kid 2 college fees, Kid 2 hostel, Kid 2 pocket money, Medical add-on] @ http://localhost:8765/js/persistence.js?v=20260504230842:368
[ 2000827ms] [INFO] [persist] PUSH STARTING with phases: [Base (no kids), Kid 1 at home, Kid 2 at home, Kid 1 college fees, Kid 1 hostel, Kid 1 pocket money, Kid 2 college fees, Kid 2 hostel, Kid 2 pocket money, Medical add-on] @ http://localhost:8765/js/persistence.js?v=20260504230842:350
[ 2000926ms] [INFO] [persist] PUSH OK with phases: [Base (no kids), Kid 1 at home, Kid 2 at home, Kid 1 college fees, Kid 1 hostel, Kid 1 pocket money, Kid 2 college fees, Kid 2 hostel, Kid 2 pocket money, Medical add-on] @ http://localhost:8765/js/persistence.js?v=20260504230842:368
[ 2002558ms] [INFO] [persist] saveTrackerToStorage fired — pushing @ http://localhost:8765/js/persistence.js?v=20260504230842:573
[ 2002559ms] [INFO] [persist] PUSH STARTING with phases: [Base (no kids), Kid 1 at home, Kid 2 at home, Kid 1 college fees, Kid 1 hostel, Kid 1 pocket money, Kid 2 college fees, Kid 2 hostel, Kid 2 pocket money, Medical add-on] @ http://localhost:8765/js/persistence.js?v=20260504230842:350
[ 2002665ms] [INFO] [persist] PUSH OK with phases: [Base (no kids), Kid 1 at home, Kid 2 at home, Kid 1 college fees, Kid 1 hostel, Kid 1 pocket money, Kid 2 college fees, Kid 2 hostel, Kid 2 pocket money, Medical add-on] @ http://localhost:8765/js/persistence.js?v=20260504230842:368
[ 2003347ms] [INFO] [persist] PUSH STARTING with phases: [Base (no kids), Kid 1 at home, Kid 2 at home, Kid 1 college fees, Kid 1 hostel, Kid 1 pocket money, Kid 2 college fees, Kid 2 hostel, Kid 2 pocket money, Medical add-on] @ http://localhost:8765/js/persistence.js?v=20260504230842:350
[ 2003446ms] [INFO] [persist] PUSH OK with phases: [Base (no kids), Kid 1 at home, Kid 2 at home, Kid 1 college fees, Kid 1 hostel, Kid 1 pocket money, Kid 2 college fees, Kid 2 hostel, Kid 2 pocket money, Medical add-on] @ http://localhost:8765/js/persistence.js?v=20260504230842:368
[ 2133108ms] [INFO] [persistence] SDK ready, project: https://xjyebiztvfxgkounymfh.supabase.co hash present: true @ http://localhost:8765/js/persistence.js?v=20260504231255:653
[ 2133125ms] [INFO] [persistence] getSession result: SIGNED IN @ http://localhost:8765/js/persistence.js?v=20260504231255:657
[ 2133326ms] [WARNING] Canvas2D: Multiple readback operations using getImageData are faster with the willReadFrequently attribute set to true. See: https://html.spec.whatwg.org/multipage/canvas.html#concept-canvas-will-read-frequently @ http://localhost:8765/js/chart.js?v=20260504231255:459
[ 2135706ms] [INFO] [persist] PULL got cloud snapshot with phases: [Base (no kids), Kid 1 at home, Kid 2 at home, Kid 1 college fees, Kid 1 hostel, Kid 1 pocket money, Kid 2 college fees, Kid 2 hostel, Kid 2 pocket money, Medical add-on] @ http://localhost:8765/js/persistence.js?v=20260504231255:311
[ 2153162ms] [INFO] [persist] saveTrackerToStorage fired — pushing @ http://localhost:8765/js/persistence.js?v=20260504231255:573
[ 2153163ms] [INFO] [persist] PUSH STARTING with phases: [Base (no kids), Kid 1 at home, Kid 2 at home, Kid 1 college fees, Kid 1 hostel, Kid 1 pocket money, Kid 2 college fees, Kid 2 hostel, Kid 2 pocket money, Medical add-on] @ http://localhost:8765/js/persistence.js?v=20260504231255:350
[ 2154462ms] [INFO] [persist] push already in-flight, queuing @ http://localhost:8765/js/persistence.js?v=20260504231255:337
[ 2154462ms] [INFO] [persist] push already in-flight, queuing @ http://localhost:8765/js/persistence.js?v=20260504231255:337
[ 2154463ms] [INFO] [persist] PUSH OK with phases: [Base (no kids), Kid 1 at home, Kid 2 at home, Kid 1 college fees, Kid 1 hostel, Kid 1 pocket money, Kid 2 college fees, Kid 2 hostel, Kid 2 pocket money, Medical add-on] @ http://localhost:8765/js/persistence.js?v=20260504231255:368
[ 2154515ms] [INFO] [persist] PUSH STARTING with phases: [Base (no kids), Kid 1 at home, Kid 2 at home, Kid 1 college fees, Kid 1 hostel, Kid 1 pocket money, Kid 2 college fees, Kid 2 hostel, Kid 2 pocket money, Medical add-on] @ http://localhost:8765/js/persistence.js?v=20260504231255:350
[ 2154630ms] [INFO] [persist] PUSH OK with phases: [Base (no kids), Kid 1 at home, Kid 2 at home, Kid 1 college fees, Kid 1 hostel, Kid 1 pocket money, Kid 2 college fees, Kid 2 hostel, Kid 2 pocket money, Medical add-on] @ http://localhost:8765/js/persistence.js?v=20260504231255:368
[ 2156186ms] [INFO] [persist] saveTrackerToStorage fired — pushing @ http://localhost:8765/js/persistence.js?v=20260504231255:573
[ 2156187ms] [INFO] [persist] PUSH STARTING with phases: [Base (no kids), Kid 1 at home, Kid 2 at home, Kid 1 college fees, Kid 1 hostel, Kid 1 pocket money, Kid 2 college fees, Kid 2 hostel, Kid 2 pocket money, Medical add-on] @ http://localhost:8765/js/persistence.js?v=20260504231255:350
[ 2156300ms] [INFO] [persist] PUSH OK with phases: [Base (no kids), Kid 1 at home, Kid 2 at home, Kid 1 college fees, Kid 1 hostel, Kid 1 pocket money, Kid 2 college fees, Kid 2 hostel, Kid 2 pocket money, Medical add-on] @ http://localhost:8765/js/persistence.js?v=20260504231255:368
[ 2161057ms] [INFO] [persist] PUSH STARTING with phases: [Base (no kids), Kid 1 at home, Kid 2 at home, Kid 1 college fees, Kid 1 hostel, Kid 1 pocket money, Kid 2 college fees, Kid 2 hostel, Kid 2 pocket money, Medical add-on] @ http://localhost:8765/js/persistence.js?v=20260504231255:350
[ 2161057ms] [INFO] [persist] push already in-flight, queuing @ http://localhost:8765/js/persistence.js?v=20260504231255:337
[ 2161195ms] [INFO] [persist] PUSH OK with phases: [Base (no kids), Kid 1 at home, Kid 2 at home, Kid 1 college fees, Kid 1 hostel, Kid 1 pocket money, Kid 2 college fees, Kid 2 hostel, Kid 2 pocket money, Medical add-on] @ http://localhost:8765/js/persistence.js?v=20260504231255:368
[ 2161247ms] [INFO] [persist] PUSH STARTING with phases: [Base (no kids), Kid 1 at home, Kid 2 at home, Kid 1 college fees, Kid 1 hostel, Kid 1 pocket money, Kid 2 college fees, Kid 2 hostel, Kid 2 pocket money, Medical add-on] @ http://localhost:8765/js/persistence.js?v=20260504231255:350
[ 2161348ms] [INFO] [persist] PUSH OK with phases: [Base (no kids), Kid 1 at home, Kid 2 at home, Kid 1 college fees, Kid 1 hostel, Kid 1 pocket money, Kid 2 college fees, Kid 2 hostel, Kid 2 pocket money, Medical add-on] @ http://localhost:8765/js/persistence.js?v=20260504231255:368
[ 2224061ms] [INFO] [persist] PULL got cloud snapshot with phases: [Base (no kids), Kid 1 at home, Kid 2 at home, Kid 1 college fees, Kid 1 hostel, Kid 1 pocket money, Kid 2 college fees, Kid 2 hostel, Kid 2 pocket money, Medical add-on] @ http://localhost:8765/js/persistence.js?v=20260504231255:311
[ 2258011ms] [INFO] [persist] PULL got cloud snapshot with phases: [Base (no kids), Kid 1 at home, Kid 2 at home, Kid 1 college fees, Kid 1 hostel, Kid 1 pocket money, Kid 2 college fees, Kid 2 hostel, Kid 2 pocket money, Medical add-on] @ http://localhost:8765/js/persistence.js?v=20260504231255:311
[ 2417014ms] [INFO] [persistence] SDK ready, project: https://xjyebiztvfxgkounymfh.supabase.co hash present: true @ http://localhost:8765/js/persistence.js?v=20260504231255:653
[ 2417017ms] [INFO] [persistence] getSession result: SIGNED IN @ http://localhost:8765/js/persistence.js?v=20260504231255:657
[ 2417215ms] [WARNING] Canvas2D: Multiple readback operations using getImageData are faster with the willReadFrequently attribute set to true. See: https://html.spec.whatwg.org/multipage/canvas.html#concept-canvas-will-read-frequently @ http://localhost:8765/js/chart.js?v=20260504231255:459
[ 2419619ms] [INFO] [persist] PULL got cloud snapshot with phases: [Base (no kids), Kid 1 at home, Kid 2 at home, Kid 1 college fees, Kid 1 hostel, Kid 1 pocket money, Kid 2 college fees, Kid 2 hostel, Kid 2 pocket money, Medical add-on] @ http://localhost:8765/js/persistence.js?v=20260504231255:311
[ 2899760ms] [INFO] [persist] PULL got cloud snapshot with phases: [Base (no kids), Kid 1 at home, Kid 2 at home, Kid 1 college fees, Kid 1 hostel, Kid 1 pocket money, Kid 2 college fees, Kid 2 hostel, Kid 2 pocket money, Medical add-on] @ http://localhost:8765/js/persistence.js?v=20260504231255:311
[ 2901708ms] [INFO] [persist] PULL got cloud snapshot with phases: [Base (no kids), Kid 1 at home, Kid 2 at home, Kid 1 college fees, Kid 1 hostel, Kid 1 pocket money, Kid 2 college fees, Kid 2 hostel, Kid 2 pocket money, Medical add-on] @ http://localhost:8765/js/persistence.js?v=20260504231255:311
[54430544ms] [INFO] [persistence] SDK ready, project: https://xjyebiztvfxgkounymfh.supabase.co hash present: true @ http://localhost:8765/js/persistence.js?v=20260505134433:653
[54430546ms] [INFO] [persistence] getSession result: SIGNED IN @ http://localhost:8765/js/persistence.js?v=20260505134433:657
[54430742ms] [WARNING] Canvas2D: Multiple readback operations using getImageData are faster with the willReadFrequently attribute set to true. See: https://html.spec.whatwg.org/multipage/canvas.html#concept-canvas-will-read-frequently @ http://localhost:8765/js/chart.js?v=20260505134433:459
[54434544ms] [INFO] [persist] PULL got cloud snapshot with phases: [Base (no kids), Kid 1 at home, Kid 2 at home, Kid 1 college fees, Kid 1 hostel, Kid 1 pocket money, Kid 2 college fees, Kid 2 hostel, Kid 2 pocket money, Medical add-on] @ http://localhost:8765/js/persistence.js?v=20260505134433:311
