[   27009ms] [INFO] [persist] PULL got cloud snapshot with phases: [Base (no kids), Kid 1 at home, Kid 2 at home, Kid 1 college fees, Kid 1 hostel, Kid 1 pocket money, Kid 2 college fees, Kid 2 hostel, Kid 2 pocket money, Medical add-on] @ http://localhost:8765/js/persistence.js?v=20260504221750:311
[  167118ms] [INFO] [persist] PULL got cloud snapshot with phases: [Base (no kids), Kid 1 at home, Kid 2 at home, Kid 1 college fees, Kid 1 hostel, Kid 1 pocket money, Kid 2 college fees, Kid 2 hostel, Kid 2 pocket money, Medical add-on] @ http://localhost:8765/js/persistence.js?v=20260504221750:311
[  310615ms] [INFO] [persistence] SDK ready, project: https://xjyebiztvfxgkounymfh.supabase.co hash present: true @ http://localhost:8765/js/persistence.js?v=20260504222310:653
[  310617ms] [INFO] [persistence] getSession result: SIGNED IN @ http://localhost:8765/js/persistence.js?v=20260504222310:657
[  310823ms] [WARNING] Canvas2D: Multiple readback operations using getImageData are faster with the willReadFrequently attribute set to true. See: https://html.spec.whatwg.org/multipage/canvas.html#concept-canvas-will-read-frequently @ http://localhost:8765/js/chart.js?v=20260504222310:459
[  311458ms] [INFO] [persist] PULL got cloud snapshot with phases: [Base (no kids), Kid 1 at home, Kid 2 at home, Kid 1 college fees, Kid 1 hostel, Kid 1 pocket money, Kid 2 college fees, Kid 2 hostel, Kid 2 pocket money, Medical add-on] @ http://localhost:8765/js/persistence.js?v=20260504222310:311
[  352299ms] [INFO] [persist] PULL got cloud snapshot with phases: [Base (no kids), Kid 1 at home, Kid 2 at home, Kid 1 college fees, Kid 1 hostel, Kid 1 pocket money, Kid 2 college fees, Kid 2 hostel, Kid 2 pocket money, Medical add-on] @ http://localhost:8765/js/persistence.js?v=20260504222310:311
[  352646ms] [INFO] [persist] PULL got cloud snapshot with phases: [Base (no kids), Kid 1 at home, Kid 2 at home, Kid 1 college fees, Kid 1 hostel, Kid 1 pocket money, Kid 2 college fees, Kid 2 hostel, Kid 2 pocket money, Medical add-on] @ http://localhost:8765/js/persistence.js?v=20260504222310:311
[  353478ms] [INFO] [persist] PULL got cloud snapshot with phases: [Base (no kids), Kid 1 at home, Kid 2 at home, Kid 1 college fees, Kid 1 hostel, Kid 1 pocket money, Kid 2 college fees, Kid 2 hostel, Kid 2 pocket money, Medical add-on] @ http://localhost:8765/js/persistence.js?v=20260504222310:311
[  356032ms] [INFO] [persist] PULL got cloud snapshot with phases: [Base (no kids), Kid 1 at home, Kid 2 at home, Kid 1 college fees, Kid 1 hostel, Kid 1 pocket money, Kid 2 college fees, Kid 2 hostel, Kid 2 pocket money, Medical add-on] @ http://localhost:8765/js/persistence.js?v=20260504222310:311
[  419758ms] [INFO] [persist] PULL got cloud snapshot with phases: [Base (no kids), Kid 1 at home, Kid 2 at home, Kid 1 college fees, Kid 1 hostel, Kid 1 pocket money, Kid 2 college fees, Kid 2 hostel, Kid 2 pocket money, Medical add-on] @ http://localhost:8765/js/persistence.js?v=20260504222310:311
[  422544ms] [INFO] [persist] PULL got cloud snapshot with phases: [Base (no kids), Kid 1 at home, Kid 2 at home, Kid 1 college fees, Kid 1 hostel, Kid 1 pocket money, Kid 2 college fees, Kid 2 hostel, Kid 2 pocket money, Medical add-on] @ http://localhost:8765/js/persistence.js?v=20260504222310:311
[  572556ms] [INFO] [persistence] SDK ready, project: https://xjyebiztvfxgkounymfh.supabase.co hash present: true @ http://localhost:8765/js/persistence.js?v=20260504222732:653
[  572560ms] [INFO] [persistence] getSession result: SIGNED IN @ http://localhost:8765/js/persistence.js?v=20260504222732:657
[  572773ms] [WARNING] Canvas2D: Multiple readback operations using getImageData are faster with the willReadFrequently attribute set to true. See: https://html.spec.whatwg.org/multipage/canvas.html#concept-canvas-will-read-frequently @ http://localhost:8765/js/chart.js?v=20260504222732:459
[  572976ms] [INFO] [persist] PULL got cloud snapshot with phases: [Base (no kids), Kid 1 at home, Kid 2 at home, Kid 1 college fees, Kid 1 hostel, Kid 1 pocket money, Kid 2 college fees, Kid 2 hostel, Kid 2 pocket money, Medical add-on] @ http://localhost:8765/js/persistence.js?v=20260504222732:311
[  616032ms] [INFO] [persist] PULL got cloud snapshot with phases: [Base (no kids), Kid 1 at home, Kid 2 at home, Kid 1 college fees, Kid 1 hostel, Kid 1 pocket money, Kid 2 college fees, Kid 2 hostel, Kid 2 pocket money, Medical add-on] @ http://localhost:8765/js/persistence.js?v=20260504222732:311
[  617430ms] [INFO] [persist] PULL got cloud snapshot with phases: [Base (no kids), Kid 1 at home, Kid 2 at home, Kid 1 college fees, Kid 1 hostel, Kid 1 pocket money, Kid 2 college fees, Kid 2 hostel, Kid 2 pocket money, Medical add-on] @ http://localhost:8765/js/persistence.js?v=20260504222732:311
[  619279ms] [INFO] [persist] PULL got cloud snapshot with phases: [Base (no kids), Kid 1 at home, Kid 2 at home, Kid 1 college fees, Kid 1 hostel, Kid 1 pocket money, Kid 2 college fees, Kid 2 hostel, Kid 2 pocket money, Medical add-on] @ http://localhost:8765/js/persistence.js?v=20260504222732:311
[ 1146430ms] [INFO] [persist] PULL got cloud snapshot with phases: [Base (no kids), Kid 1 at home, Kid 2 at home, Kid 1 college fees, Kid 1 hostel, Kid 1 pocket money, Kid 2 college fees, Kid 2 hostel, Kid 2 pocket money, Medical add-on] @ http://localhost:8765/js/persistence.js?v=20260504222732:311
[ 1148141ms] [INFO] [persist] PULL got cloud snapshot with phases: [Base (no kids), Kid 1 at home, Kid 2 at home, Kid 1 college fees, Kid 1 hostel, Kid 1 pocket money, Kid 2 college fees, Kid 2 hostel, Kid 2 pocket money, Medical add-on] @ http://localhost:8765/js/persistence.js?v=20260504222732:311
[ 1155553ms] [INFO] [persistence] SDK ready, project: https://xjyebiztvfxgkounymfh.supabase.co hash present: true @ http://localhost:8765/js/persistence.js?v=20260504223713:653
[ 1155555ms] [INFO] [persistence] getSession result: SIGNED IN @ http://localhost:8765/js/persistence.js?v=20260504223713:657
[ 1155656ms] [INFO] [persist] PULL got cloud snapshot with phases: [Base (no kids), Kid 1 at home, Kid 2 at home, Kid 1 college fees, Kid 1 hostel, Kid 1 pocket money, Kid 2 college fees, Kid 2 hostel, Kid 2 pocket money, Medical add-on] @ http://localhost:8765/js/persistence.js?v=20260504223713:311
[ 1155666ms] [WARNING] Canvas2D: Multiple readback operations using getImageData are faster with the willReadFrequently attribute set to true. See: https://html.spec.whatwg.org/multipage/canvas.html#concept-canvas-will-read-frequently @ http://localhost:8765/js/chart.js?v=20260504223713:459
